<?xml version="1.0" encoding="UTF-8"?>
<coverage generated="1785146331824" clover="3.2.0">
  <project timestamp="1785146331824" name="All files">
    <metrics statements="417" coveredstatements="298" conditionals="241" coveredconditionals="182" methods="130" coveredmethods="68" elements="788" coveredelements="548" complexity="0" loc="417" ncloc="417" packages="19" files="39" classes="39"/>
    <package name="app">
      <metrics statements="7" coveredstatements="5" conditionals="11" coveredconditionals="11" methods="2" coveredmethods="2"/>
      <file name="app.html" path="/Users/dhineshkumar/Documents/Angular_HandsOn/student-course-portal/src/app/app.html">
        <metrics statements="4" coveredstatements="2" conditionals="0" coveredconditionals="0" methods="0" coveredmethods="0"/>
        <line num="1" count="2" type="stmt"/>
        <line num="7" count="0" type="stmt"/>
        <line num="9" count="0" type="stmt"/>
        <line num="11" count="2" type="stmt"/>
      </file>
      <file name="app.ts" path="/Users/dhineshkumar/Documents/Angular_HandsOn/student-course-portal/src/app/app.ts">
        <metrics statements="3" coveredstatements="3" conditionals="11" coveredconditionals="11" methods="2" coveredmethods="2"/>
        <line num="30" count="4" type="cond" truecount="10" falsecount="0"/>
        <line num="31" count="2" type="cond" truecount="1" falsecount="0"/>
        <line num="34" count="2" type="stmt"/>
      </file>
    </package>
    <package name="app.components.course-card">
      <metrics statements="47" coveredstatements="35" conditionals="21" coveredconditionals="12" methods="14" coveredmethods="10"/>
      <file name="course-card.html" path="/Users/dhineshkumar/Documents/Angular_HandsOn/student-course-portal/src/app/components/course-card/course-card.html">
        <metrics statements="20" coveredstatements="20" conditionals="0" coveredconditionals="0" methods="3" coveredmethods="2"/>
        <line num="1" count="6" type="stmt"/>
        <line num="4" count="6" type="stmt"/>
        <line num="6" count="6" type="stmt"/>
        <line num="8" count="6" type="stmt"/>
        <line num="10" count="4" type="stmt"/>
        <line num="11" count="4" type="stmt"/>
        <line num="12" count="6" type="stmt"/>
        <line num="13" count="4" type="stmt"/>
        <line num="15" count="4" type="stmt"/>
        <line num="16" count="4" type="stmt"/>
        <line num="17" count="4" type="stmt"/>
        <line num="19" count="4" type="stmt"/>
        <line num="20" count="4" type="stmt"/>
        <line num="21" count="4" type="stmt"/>
        <line num="23" count="4" type="stmt"/>
        <line num="25" count="6" type="stmt"/>
        <line num="26" count="6" type="stmt"/>
        <line num="27" count="6" type="stmt"/>
        <line num="28" count="6" type="stmt"/>
        <line num="29" count="4" type="stmt"/>
      </file>
      <file name="course-card.ts" path="/Users/dhineshkumar/Documents/Angular_HandsOn/student-course-portal/src/app/components/course-card/course-card.ts">
        <metrics statements="27" coveredstatements="15" conditionals="21" coveredconditionals="12" methods="11" coveredmethods="8"/>
        <line num="31" count="10" type="cond" truecount="10" falsecount="0"/>
        <line num="35" count="4" type="stmt"/>
        <line num="36" count="4" type="stmt"/>
        <line num="38" count="4" type="stmt"/>
        <line num="39" count="4" type="stmt"/>
        <line num="40" count="4" type="stmt"/>
        <line num="43" count="4" type="stmt"/>
        <line num="45" count="4" type="cond" truecount="1" falsecount="1"/>
        <line num="46" count="0" type="stmt"/>
        <line num="47" count="0" type="stmt"/>
        <line num="48" count="0" type="stmt"/>
        <line num="54" count="1" type="stmt"/>
        <line num="60" count="1" type="stmt"/>
        <line num="64" count="0" type="cond" truecount="0" falsecount="2"/>
        <line num="65" count="0" type="cond" truecount="0" falsecount="2"/>
        <line num="66" count="0" type="stmt"/>
        <line num="73" count="0" type="cond" truecount="0" falsecount="2"/>
        <line num="74" count="0" type="stmt"/>
        <line num="80" count="0" type="stmt"/>
        <line num="85" count="6" type="stmt"/>
        <line num="89" count="0" type="stmt"/>
        <line num="93" count="6" type="stmt"/>
        <line num="101" count="6" type="cond" truecount="1" falsecount="2"/>
        <line num="103" count="6" type="stmt"/>
        <line num="105" count="0" type="stmt"/>
        <line num="107" count="0" type="stmt"/>
        <line num="112" count="1" type="stmt"/>
      </file>
    </package>
    <package name="app.components.course-summary-widget">
      <metrics statements="10" coveredstatements="9" conditionals="10" coveredconditionals="10" methods="5" coveredmethods="4"/>
      <file name="course-summary-widget.html" path="/Users/dhineshkumar/Documents/Angular_HandsOn/student-course-portal/src/app/components/course-summary-widget/course-summary-widget.html">
        <metrics statements="4" coveredstatements="4" conditionals="0" coveredconditionals="0" methods="0" coveredmethods="0"/>
        <line num="1" count="3" type="stmt"/>
        <line num="3" count="3" type="stmt"/>
        <line num="5" count="4" type="stmt"/>
        <line num="7" count="3" type="stmt"/>
      </file>
      <file name="course-summary-widget.ts" path="/Users/dhineshkumar/Documents/Angular_HandsOn/student-course-portal/src/app/components/course-summary-widget/course-summary-widget.ts">
        <metrics statements="6" coveredstatements="5" conditionals="10" coveredconditionals="10" methods="5" coveredmethods="4"/>
        <line num="13" count="7" type="cond" truecount="10" falsecount="0"/>
        <line num="15" count="3" type="stmt"/>
        <line num="17" count="3" type="stmt"/>
        <line num="20" count="2" type="stmt"/>
        <line num="22" count="0" type="stmt"/>
        <line num="25" count="2" type="stmt"/>
      </file>
    </package>
    <package name="app.components.header">
      <metrics statements="5" coveredstatements="5" conditionals="10" coveredconditionals="10" methods="1" coveredmethods="1"/>
      <file name="header.html" path="/Users/dhineshkumar/Documents/Angular_HandsOn/student-course-portal/src/app/components/header/header.html">
        <metrics statements="4" coveredstatements="4" conditionals="0" coveredconditionals="0" methods="0" coveredmethods="0"/>
        <line num="1" count="3" type="stmt"/>
        <line num="2" count="3" type="stmt"/>
        <line num="3" count="3" type="stmt"/>
        <line num="4" count="3" type="stmt"/>
      </file>
      <file name="header.ts" path="/Users/dhineshkumar/Documents/Angular_HandsOn/student-course-portal/src/app/components/header/header.ts">
        <metrics statements="1" coveredstatements="1" conditionals="10" coveredconditionals="10" methods="1" coveredmethods="1"/>
        <line num="9" count="7" type="cond" truecount="10" falsecount="0"/>
      </file>
    </package>
    <package name="app.components.notification">
      <metrics statements="5" coveredstatements="5" conditionals="10" coveredconditionals="10" methods="2" coveredmethods="2"/>
      <file name="notification.html" path="/Users/dhineshkumar/Documents/Angular_HandsOn/student-course-portal/src/app/components/notification/notification.html">
        <metrics statements="2" coveredstatements="2" conditionals="0" coveredconditionals="0" methods="0" coveredmethods="0"/>
        <line num="1" count="3" type="stmt"/>
        <line num="3" count="4" type="stmt"/>
      </file>
      <file name="notification.ts" path="/Users/dhineshkumar/Documents/Angular_HandsOn/student-course-portal/src/app/components/notification/notification.ts">
        <metrics statements="3" coveredstatements="3" conditionals="10" coveredconditionals="10" methods="2" coveredmethods="2"/>
        <line num="13" count="7" type="cond" truecount="2" falsecount="0"/>
        <line num="15" count="2" type="cond" truecount="8" falsecount="0"/>
        <line num="17" count="3" type="stmt"/>
      </file>
    </package>
    <package name="app.directives">
      <metrics statements="5" coveredstatements="3" conditionals="7" coveredconditionals="7" methods="5" coveredmethods="2"/>
      <file name="highlight.ts" path="/Users/dhineshkumar/Documents/Angular_HandsOn/student-course-portal/src/app/directives/highlight.ts">
        <metrics statements="5" coveredstatements="3" conditionals="7" coveredconditionals="7" methods="5" coveredmethods="2"/>
        <line num="12" count="10" type="cond" truecount="7" falsecount="0"/>
        <line num="14" count="4" type="stmt"/>
        <line num="16" count="4" type="stmt"/>
        <line num="21" count="0" type="stmt"/>
        <line num="29" count="0" type="stmt"/>
      </file>
    </package>
    <package name="app.guards">
      <metrics statements="9" coveredstatements="2" conditionals="2" coveredconditionals="0" methods="2" coveredmethods="0"/>
      <file name="auth-guard.ts" path="/Users/dhineshkumar/Documents/Angular_HandsOn/student-course-portal/src/app/guards/auth-guard.ts">
        <metrics statements="7" coveredstatements="1" conditionals="2" coveredconditionals="0" methods="1" coveredmethods="0"/>
        <line num="5" count="1" type="stmt"/>
        <line num="7" count="0" type="stmt"/>
        <line num="8" count="0" type="stmt"/>
        <line num="10" count="0" type="cond" truecount="0" falsecount="2"/>
        <line num="12" count="0" type="stmt"/>
        <line num="16" count="0" type="stmt"/>
        <line num="18" count="0" type="stmt"/>
      </file>
      <file name="unsaved-changes-guard.ts" path="/Users/dhineshkumar/Documents/Angular_HandsOn/student-course-portal/src/app/guards/unsaved-changes-guard.ts">
        <metrics statements="2" coveredstatements="1" conditionals="0" coveredconditionals="0" methods="1" coveredmethods="0"/>
        <line num="10" count="1" type="stmt"/>
        <line num="12" count="0" type="stmt"/>
      </file>
    </package>
    <package name="app.pages.course-detail">
      <metrics statements="30" coveredstatements="19" conditionals="12" coveredconditionals="12" methods="9" coveredmethods="7"/>
      <file name="course-detail.html" path="/Users/dhineshkumar/Documents/Angular_HandsOn/student-course-portal/src/app/pages/course-detail/course-detail.html">
        <metrics statements="15" coveredstatements="6" conditionals="2" coveredconditionals="2" methods="0" coveredmethods="0"/>
        <line num="1" count="1" type="stmt"/>
        <line num="3" count="2" type="stmt"/>
        <line num="5" count="0" type="stmt"/>
        <line num="7" count="0" type="stmt"/>
        <line num="9" count="0" type="stmt"/>
        <line num="11" count="0" type="stmt"/>
        <line num="13" count="0" type="stmt"/>
        <line num="17" count="1" type="stmt"/>
        <line num="18" count="1" type="stmt"/>
        <line num="20" count="2" type="cond" truecount="2" falsecount="0"/>
        <line num="22" count="0" type="stmt"/>
        <line num="24" count="0" type="stmt"/>
        <line num="26" count="0" type="stmt"/>
        <line num="28" count="0" type="stmt"/>
        <line num="31" count="1" type="stmt"/>
      </file>
      <file name="course-detail.ts" path="/Users/dhineshkumar/Documents/Angular_HandsOn/student-course-portal/src/app/pages/course-detail/course-detail.ts">
        <metrics statements="15" coveredstatements="13" conditionals="10" coveredconditionals="10" methods="9" coveredmethods="7"/>
        <line num="17" count="3" type="cond" truecount="10" falsecount="0"/>
        <line num="20" count="1" type="stmt"/>
        <line num="23" count="1" type="stmt"/>
        <line num="24" count="1" type="stmt"/>
        <line num="25" count="1" type="stmt"/>
        <line num="31" count="1" type="stmt"/>
        <line num="33" count="1" type="stmt"/>
        <line num="34" count="1" type="stmt"/>
        <line num="38" count="0" type="stmt"/>
        <line num="41" count="1" type="stmt"/>
        <line num="46" count="1" type="stmt"/>
        <line num="48" count="1" type="stmt"/>
        <line num="49" count="1" type="stmt"/>
        <line num="53" count="0" type="stmt"/>
        <line num="56" count="1" type="stmt"/>
      </file>
    </package>
    <package name="app.pages.course-list">
      <metrics statements="60" coveredstatements="48" conditionals="20" coveredconditionals="12" methods="19" coveredmethods="4"/>
      <file name="course-list.html" path="/Users/dhineshkumar/Documents/Angular_HandsOn/student-course-portal/src/app/pages/course-list/course-list.html">
        <metrics statements="37" coveredstatements="34" conditionals="8" coveredconditionals="0" methods="8" coveredmethods="0"/>
        <line num="1" count="12" type="stmt"/>
        <line num="2" count="0" type="stmt"/>
        <line num="3" count="0" type="stmt"/>
        <line num="5" count="12" type="stmt"/>
        <line num="6" count="2" type="stmt"/>
        <line num="7" count="2" type="stmt"/>
        <line num="9" count="12" type="cond" truecount="0" falsecount="2"/>
        <line num="11" count="4" type="stmt"/>
        <line num="12" count="4" type="stmt"/>
        <line num="13" count="4" type="stmt"/>
        <line num="15" count="4" type="stmt"/>
        <line num="17" count="4" type="stmt"/>
        <line num="20" count="4" type="stmt"/>
        <line num="21" count="4" type="stmt"/>
        <line num="22" count="4" type="stmt"/>
        <line num="23" count="4" type="stmt"/>
        <line num="24" count="4" type="stmt"/>
        <line num="27" count="12" type="stmt"/>
        <line num="29" count="16" type="stmt"/>
        <line num="31" count="16" type="stmt"/>
        <line num="33" count="16" type="stmt"/>
        <line num="35" count="16" type="stmt"/>
        <line num="37" count="8" type="stmt"/>
        <line num="39" count="0" type="stmt"/>
        <line num="40" count="8" type="stmt"/>
        <line num="41" count="8" type="stmt"/>
        <line num="43" count="8" type="stmt"/>
        <line num="44" count="8" type="stmt"/>
        <line num="45" count="8" type="stmt"/>
        <line num="51" count="4" type="stmt"/>
        <line num="53" count="4" type="stmt"/>
        <line num="56" count="4" type="stmt"/>
        <line num="57" count="4" type="stmt"/>
        <line num="58" count="12" type="cond" truecount="0" falsecount="2"/>
        <line num="59" count="12" type="cond" truecount="0" falsecount="2"/>
        <line num="60" count="12" type="cond" truecount="0" falsecount="2"/>
        <line num="61" count="4" type="stmt"/>
      </file>
      <file name="course-list.ts" path="/Users/dhineshkumar/Documents/Angular_HandsOn/student-course-portal/src/app/pages/course-list/course-list.ts">
        <metrics statements="23" coveredstatements="14" conditionals="12" coveredconditionals="12" methods="11" coveredmethods="4"/>
        <line num="25" count="16" type="cond" truecount="10" falsecount="0"/>
        <line num="31" count="4" type="stmt"/>
        <line num="32" count="4" type="stmt"/>
        <line num="34" count="4" type="stmt"/>
        <line num="42" count="4" type="stmt"/>
        <line num="43" count="4" type="stmt"/>
        <line num="44" count="4" type="stmt"/>
        <line num="45" count="4" type="stmt"/>
        <line num="47" count="4" type="stmt"/>
        <line num="48" count="4" type="stmt"/>
        <line num="49" count="4" type="stmt"/>
        <line num="53" count="4" type="cond" truecount="2" falsecount="0"/>
        <line num="54" count="4" type="stmt"/>
        <line num="58" count="0" type="stmt"/>
        <line num="61" count="0" type="stmt"/>
        <line num="63" count="0" type="stmt"/>
        <line num="73" count="0" type="stmt"/>
        <line num="76" count="0" type="stmt"/>
        <line num="81" count="0" type="stmt"/>
        <line num="82" count="0" type="stmt"/>
        <line num="86" count="0" type="stmt"/>
        <line num="90" count="0" type="stmt"/>
        <line num="101" count="8" type="stmt"/>
      </file>
    </package>
    <package name="app.pages.courses-layout">
      <metrics statements="3" coveredstatements="3" conditionals="10" coveredconditionals="10" methods="1" coveredmethods="1"/>
      <file name="courses-layout.html" path="/Users/dhineshkumar/Documents/Angular_HandsOn/student-course-portal/src/app/pages/courses-layout/courses-layout.html">
        <metrics statements="2" coveredstatements="2" conditionals="0" coveredconditionals="0" methods="0" coveredmethods="0"/>
        <line num="1" count="1" type="stmt"/>
        <line num="3" count="1" type="stmt"/>
      </file>
      <file name="courses-layout.ts" path="/Users/dhineshkumar/Documents/Angular_HandsOn/student-course-portal/src/app/pages/courses-layout/courses-layout.ts">
        <metrics statements="1" coveredstatements="1" conditionals="10" coveredconditionals="10" methods="1" coveredmethods="1"/>
        <line num="11" count="3" type="cond" truecount="10" falsecount="0"/>
      </file>
    </package>
    <package name="app.pages.enrollment-form">
      <metrics statements="68" coveredstatements="40" conditionals="34" coveredconditionals="10" methods="9" coveredmethods="1"/>
      <file name="enrollment-form.html" path="/Users/dhineshkumar/Documents/Angular_HandsOn/student-course-portal/src/app/pages/enrollment-form/enrollment-form.html">
        <metrics statements="57" coveredstatements="33" conditionals="22" coveredconditionals="0" methods="7" coveredmethods="0"/>
        <line num="1" count="1" type="stmt"/>
        <line num="3" count="1" type="stmt"/>
        <line num="5" count="1" type="stmt"/>
        <line num="7" count="5" type="cond" truecount="0" falsecount="2"/>
        <line num="9" count="5" type="stmt"/>
        <line num="11" count="0" type="cond" truecount="0" falsecount="2"/>
        <line num="13" count="0" type="stmt"/>
        <line num="15" count="0" type="stmt"/>
        <line num="17" count="0" type="cond" truecount="0" falsecount="2"/>
        <line num="19" count="0" type="stmt"/>
        <line num="21" count="0" type="stmt"/>
        <line num="23" count="0" type="stmt"/>
        <line num="25" count="1" type="stmt"/>
        <line num="27" count="1" type="stmt"/>
        <line num="29" count="5" type="cond" truecount="0" falsecount="2"/>
        <line num="31" count="5" type="stmt"/>
        <line num="33" count="0" type="cond" truecount="0" falsecount="2"/>
        <line num="35" count="0" type="stmt"/>
        <line num="37" count="0" type="stmt"/>
        <line num="39" count="0" type="cond" truecount="0" falsecount="2"/>
        <line num="41" count="0" type="stmt"/>
        <line num="43" count="0" type="stmt"/>
        <line num="45" count="0" type="stmt"/>
        <line num="47" count="1" type="stmt"/>
        <line num="49" count="1" type="stmt"/>
        <line num="51" count="5" type="cond" truecount="0" falsecount="2"/>
        <line num="53" count="5" type="stmt"/>
        <line num="55" count="0" type="cond" truecount="0" falsecount="2"/>
        <line num="57" count="0" type="stmt"/>
        <line num="59" count="0" type="stmt"/>
        <line num="61" count="0" type="stmt"/>
        <line num="63" count="1" type="stmt"/>
        <line num="65" count="1" type="stmt"/>
        <line num="67" count="5" type="cond" truecount="0" falsecount="2"/>
        <line num="69" count="1" type="stmt"/>
        <line num="70" count="1" type="stmt"/>
        <line num="71" count="1" type="stmt"/>
        <line num="75" count="1" type="stmt"/>
        <line num="77" count="1" type="stmt"/>
        <line num="79" count="5" type="cond" truecount="0" falsecount="2"/>
        <line num="81" count="1" type="stmt"/>
        <line num="83" count="1" type="stmt"/>
        <line num="85" count="5" type="stmt"/>
        <line num="87" count="0" type="cond" truecount="0" falsecount="2"/>
        <line num="89" count="0" type="stmt"/>
        <line num="91" count="0" type="stmt"/>
        <line num="93" count="0" type="stmt"/>
        <line num="95" count="1" type="stmt"/>
        <line num="97" count="5" type="stmt"/>
        <line num="99" count="1" type="stmt"/>
        <line num="101" count="1" type="stmt"/>
        <line num="103" count="1" type="stmt"/>
        <line num="105" count="1" type="stmt"/>
        <line num="107" count="1" type="stmt"/>
        <line num="111" count="5" type="stmt"/>
        <line num="115" count="0" type="stmt"/>
        <line num="117" count="0" type="stmt"/>
      </file>
      <file name="enrollment-form.ts" path="/Users/dhineshkumar/Documents/Angular_HandsOn/student-course-portal/src/app/pages/enrollment-form/enrollment-form.ts">
        <metrics statements="11" coveredstatements="7" conditionals="12" coveredconditionals="10" methods="2" coveredmethods="1"/>
        <line num="15" count="6" type="cond" truecount="10" falsecount="0"/>
        <line num="17" count="1" type="stmt"/>
        <line num="18" count="1" type="stmt"/>
        <line num="19" count="1" type="stmt"/>
        <line num="20" count="1" type="stmt"/>
        <line num="21" count="1" type="stmt"/>
        <line num="23" count="1" type="stmt"/>
        <line num="27" count="0" type="stmt"/>
        <line num="29" count="0" type="stmt"/>
        <line num="31" count="0" type="cond" truecount="0" falsecount="2"/>
        <line num="33" count="0" type="stmt"/>
      </file>
    </package>
    <package name="app.pages.home">
      <metrics statements="25" coveredstatements="23" conditionals="12" coveredconditionals="10" methods="9" coveredmethods="5"/>
      <file name="home.html" path="/Users/dhineshkumar/Documents/Angular_HandsOn/student-course-portal/src/app/pages/home/home.html">
        <metrics statements="12" coveredstatements="12" conditionals="2" coveredconditionals="0" methods="2" coveredmethods="0"/>
        <line num="2" count="4" type="stmt"/>
        <line num="5" count="1" type="stmt"/>
        <line num="6" count="4" type="stmt"/>
        <line num="7" count="1" type="stmt"/>
        <line num="8" count="1" type="stmt"/>
        <line num="9" count="1" type="stmt"/>
        <line num="11" count="4" type="stmt"/>
        <line num="13" count="1" type="stmt"/>
        <line num="16" count="1" type="stmt"/>
        <line num="18" count="4" type="cond" truecount="0" falsecount="2"/>
        <line num="21" count="4" type="stmt"/>
        <line num="23" count="4" type="stmt"/>
      </file>
      <file name="home.ts" path="/Users/dhineshkumar/Documents/Angular_HandsOn/student-course-portal/src/app/pages/home/home.ts">
        <metrics statements="13" coveredstatements="11" conditionals="10" coveredconditionals="10" methods="7" coveredmethods="5"/>
        <line num="12" count="5" type="cond" truecount="10" falsecount="0"/>
        <line num="14" count="1" type="stmt"/>
        <line num="15" count="1" type="stmt"/>
        <line num="16" count="1" type="stmt"/>
        <line num="17" count="1" type="stmt"/>
        <line num="19" count="1" type="stmt"/>
        <line num="21" count="1" type="stmt"/>
        <line num="24" count="0" type="stmt"/>
        <line num="28" count="1" type="stmt"/>
        <line num="30" count="0" type="stmt"/>
        <line num="33" count="1" type="stmt"/>
        <line num="36" count="1" type="stmt"/>
        <line num="40" count="1" type="stmt"/>
      </file>
    </package>
    <package name="app.pages.not-found">
      <metrics statements="3" coveredstatements="3" conditionals="10" coveredconditionals="10" methods="1" coveredmethods="1"/>
      <file name="not-found.html" path="/Users/dhineshkumar/Documents/Angular_HandsOn/student-course-portal/src/app/pages/not-found/not-found.html">
        <metrics statements="2" coveredstatements="2" conditionals="0" coveredconditionals="0" methods="0" coveredmethods="0"/>
        <line num="1" count="1" type="stmt"/>
        <line num="3" count="1" type="stmt"/>
      </file>
      <file name="not-found.ts" path="/Users/dhineshkumar/Documents/Angular_HandsOn/student-course-portal/src/app/pages/not-found/not-found.ts">
        <metrics statements="1" coveredstatements="1" conditionals="10" coveredconditionals="10" methods="1" coveredmethods="1"/>
        <line num="9" count="3" type="cond" truecount="10" falsecount="0"/>
      </file>
    </package>
    <package name="app.pages.reactive-enrollment-form">
      <metrics statements="62" coveredstatements="39" conditionals="24" coveredconditionals="14" methods="16" coveredmethods="6"/>
      <file name="reactive-enrollment-form.html" path="/Users/dhineshkumar/Documents/Angular_HandsOn/student-course-portal/src/app/pages/reactive-enrollment-form/reactive-enrollment-form.html">
        <metrics statements="42" coveredstatements="32" conditionals="4" coveredconditionals="2" methods="3" coveredmethods="0"/>
        <line num="1" count="1" type="stmt"/>
        <line num="3" count="3" type="stmt"/>
        <line num="5" count="1" type="stmt"/>
        <line num="7" count="1" type="stmt"/>
        <line num="11" count="1" type="stmt"/>
        <line num="13" count="1" type="stmt"/>
        <line num="15" count="3" type="cond" truecount="1" falsecount="1"/>
        <line num="17" count="0" type="stmt"/>
        <line num="19" count="0" type="stmt"/>
        <line num="21" count="1" type="stmt"/>
        <line num="23" count="1" type="stmt"/>
        <line num="25" count="1" type="stmt"/>
        <line num="27" count="3" type="cond" truecount="1" falsecount="1"/>
        <line num="29" count="0" type="stmt"/>
        <line num="31" count="0" type="stmt"/>
        <line num="33" count="1" type="stmt"/>
        <line num="35" count="1" type="stmt"/>
        <line num="37" count="1" type="stmt"/>
        <line num="39" count="1" type="stmt"/>
        <line num="41" count="1" type="stmt"/>
        <line num="45" count="1" type="stmt"/>
        <line num="47" count="1" type="stmt"/>
        <line num="49" count="1" type="stmt"/>
        <line num="51" count="1" type="stmt"/>
        <line num="53" count="1" type="stmt"/>
        <line num="55" count="1" type="stmt"/>
        <line num="57" count="1" type="stmt"/>
        <line num="59" count="1" type="stmt"/>
        <line num="61" count="1" type="stmt"/>
        <line num="63" count="1" type="stmt"/>
        <line num="65" count="1" type="stmt"/>
        <line num="67" count="1" type="stmt"/>
        <line num="68" count="3" type="stmt"/>
        <line num="71" count="0" type="stmt"/>
        <line num="73" count="0" type="stmt"/>
        <line num="75" count="0" type="stmt"/>
        <line num="77" count="0" type="stmt"/>
        <line num="79" count="0" type="stmt"/>
        <line num="81" count="0" type="stmt"/>
        <line num="83" count="3" type="stmt"/>
        <line num="85" count="1" type="stmt"/>
        <line num="87" count="1" type="stmt"/>
      </file>
      <file name="reactive-enrollment-form.ts" path="/Users/dhineshkumar/Documents/Angular_HandsOn/student-course-portal/src/app/pages/reactive-enrollment-form/reactive-enrollment-form.ts">
        <metrics statements="20" coveredstatements="7" conditionals="20" coveredconditionals="12" methods="13" coveredmethods="6"/>
        <line num="25" count="4" type="cond" truecount="10" falsecount="0"/>
        <line num="29" count="1" type="stmt"/>
        <line num="33" count="1" type="stmt"/>
        <line num="70" count="3" type="cond" truecount="2" falsecount="2"/>
        <line num="72" count="0" type="stmt"/>
        <line num="76" count="3" type="stmt"/>
        <line num="85" count="0" type="stmt"/>
        <line num="87" count="0" type="stmt"/>
        <line num="89" count="0" type="cond" truecount="0" falsecount="4"/>
        <line num="92" count="0" type="stmt"/>
        <line num="96" count="0" type="stmt"/>
        <line num="109" count="3" type="stmt"/>
        <line num="115" count="3" type="stmt"/>
        <line num="122" count="0" type="stmt"/>
        <line num="132" count="0" type="stmt"/>
        <line num="140" count="0" type="stmt"/>
        <line num="142" count="0" type="stmt"/>
        <line num="148" count="0" type="cond" truecount="0" falsecount="2"/>
        <line num="150" count="0" type="stmt"/>
        <line num="156" count="0" type="stmt"/>
      </file>
    </package>
    <package name="app.pages.student-profile">
      <metrics statements="12" coveredstatements="10" conditionals="10" coveredconditionals="10" methods="2" coveredmethods="2"/>
      <file name="student-profile.html" path="/Users/dhineshkumar/Documents/Angular_HandsOn/student-course-portal/src/app/pages/student-profile/student-profile.html">
        <metrics statements="9" coveredstatements="7" conditionals="0" coveredconditionals="0" methods="0" coveredmethods="0"/>
        <line num="1" count="1" type="stmt"/>
        <line num="3" count="1" type="stmt"/>
        <line num="5" count="1" type="stmt"/>
        <line num="7" count="1" type="stmt"/>
        <line num="9" count="1" type="stmt"/>
        <line num="10" count="2" type="stmt"/>
        <line num="11" count="0" type="stmt"/>
        <line num="12" count="0" type="stmt"/>
        <line num="13" count="1" type="stmt"/>
      </file>
      <file name="student-profile.ts" path="/Users/dhineshkumar/Documents/Angular_HandsOn/student-course-portal/src/app/pages/student-profile/student-profile.ts">
        <metrics statements="3" coveredstatements="3" conditionals="10" coveredconditionals="10" methods="2" coveredmethods="2"/>
        <line num="16" count="3" type="cond" truecount="10" falsecount="0"/>
        <line num="21" count="1" type="stmt"/>
        <line num="23" count="1" type="stmt"/>
      </file>
    </package>
    <package name="app.pipes">
      <metrics statements="6" coveredstatements="4" conditionals="11" coveredconditionals="9" methods="1" coveredmethods="1"/>
      <file name="credit-label.ts" path="/Users/dhineshkumar/Documents/Angular_HandsOn/student-course-portal/src/app/pipes/credit-label.ts">
        <metrics statements="6" coveredstatements="4" conditionals="11" coveredconditionals="9" methods="1" coveredmethods="1"/>
        <line num="7" count="4" type="cond" truecount="5" falsecount="0"/>
        <line num="11" count="2" type="cond" truecount="3" falsecount="1"/>
        <line num="13" count="0" type="stmt"/>
        <line num="17" count="2" type="cond" truecount="1" falsecount="1"/>
        <line num="19" count="0" type="stmt"/>
        <line num="23" count="2" type="stmt"/>
      </file>
    </package>
    <package name="app.services">
      <metrics statements="42" coveredstatements="28" conditionals="27" coveredconditionals="25" methods="26" coveredmethods="14"/>
      <file name="auth.ts" path="/Users/dhineshkumar/Documents/Angular_HandsOn/student-course-portal/src/app/services/auth.ts">
        <metrics statements="2" coveredstatements="2" conditionals="5" coveredconditionals="5" methods="0" coveredmethods="0"/>
        <line num="6" count="1" type="cond" truecount="5" falsecount="0"/>
        <line num="8" count="1" type="stmt"/>
      </file>
      <file name="course.service.ts" path="/Users/dhineshkumar/Documents/Angular_HandsOn/student-course-portal/src/app/services/course.service.ts">
        <metrics statements="16" coveredstatements="13" conditionals="5" coveredconditionals="5" methods="13" coveredmethods="10"/>
        <line num="12" count="11" type="cond" truecount="5" falsecount="0"/>
        <line num="14" count="11" type="stmt"/>
        <line num="16" count="11" type="stmt"/>
        <line num="20" count="6" type="stmt"/>
        <line num="23" count="2" type="stmt"/>
        <line num="27" count="1" type="stmt"/>
        <line num="37" count="5" type="stmt"/>
        <line num="39" count="5" type="stmt"/>
        <line num="40" count="5" type="stmt"/>
        <line num="53" count="1" type="stmt"/>
        <line num="61" count="1" type="stmt"/>
        <line num="63" count="1" type="stmt"/>
        <line num="64" count="1" type="stmt"/>
        <line num="75" count="0" type="stmt"/>
        <line num="81" count="0" type="stmt"/>
        <line num="90" count="0" type="stmt"/>
      </file>
      <file name="enrollment.service.ts" path="/Users/dhineshkumar/Documents/Angular_HandsOn/student-course-portal/src/app/services/enrollment.service.ts">
        <metrics statements="20" coveredstatements="9" conditionals="7" coveredconditionals="5" methods="13" coveredmethods="4"/>
        <line num="11" count="1" type="cond" truecount="5" falsecount="0"/>
        <line num="13" count="1" type="stmt"/>
        <line num="14" count="1" type="stmt"/>
        <line num="17" count="1" type="stmt"/>
        <line num="18" count="1" type="stmt"/>
        <line num="20" count="1" type="stmt"/>
        <line num="24" count="1" type="stmt"/>
        <line num="26" count="0" type="stmt"/>
        <line num="29" count="1" type="stmt"/>
        <line num="36" count="1" type="stmt"/>
        <line num="46" count="0" type="stmt"/>
        <line num="47" count="0" type="cond" truecount="0" falsecount="2"/>
        <line num="48" count="0" type="stmt"/>
        <line num="55" count="0" type="stmt"/>
        <line num="56" count="0" type="stmt"/>
        <line num="57" count="0" type="stmt"/>
        <line num="63" count="0" type="stmt"/>
        <line num="69" count="0" type="stmt"/>
        <line num="70" count="0" type="stmt"/>
        <line num="71" count="0" type="stmt"/>
      </file>
      <file name="loading.service.ts" path="/Users/dhineshkumar/Documents/Angular_HandsOn/student-course-portal/src/app/services/loading.service.ts">
        <metrics statements="2" coveredstatements="2" conditionals="5" coveredconditionals="5" methods="0" coveredmethods="0"/>
        <line num="7" count="2" type="cond" truecount="5" falsecount="0"/>
        <line num="9" count="2" type="stmt"/>
      </file>
      <file name="notification.service.ts" path="/Users/dhineshkumar/Documents/Angular_HandsOn/student-course-portal/src/app/services/notification.service.ts">
        <metrics statements="2" coveredstatements="2" conditionals="5" coveredconditionals="5" methods="0" coveredmethods="0"/>
        <line num="4" count="3" type="cond" truecount="5" falsecount="0"/>
        <line num="6" count="3" type="stmt"/>
      </file>
    </package>
    <package name="app.store.course">
      <metrics statements="10" coveredstatements="10" conditionals="0" coveredconditionals="0" methods="3" coveredmethods="3"/>
      <file name="course.actions.ts" path="/Users/dhineshkumar/Documents/Angular_HandsOn/student-course-portal/src/app/store/course/course.actions.ts">
        <metrics statements="3" coveredstatements="3" conditionals="0" coveredconditionals="0" methods="0" coveredmethods="0"/>
        <line num="5" count="2" type="stmt"/>
        <line num="9" count="2" type="stmt"/>
        <line num="16" count="2" type="stmt"/>
      </file>
      <file name="course.selectors.ts" path="/Users/dhineshkumar/Documents/Angular_HandsOn/student-course-portal/src/app/store/course/course.selectors.ts">
        <metrics statements="7" coveredstatements="7" conditionals="0" coveredconditionals="0" methods="3" coveredmethods="3"/>
        <line num="5" count="4" type="stmt"/>
        <line num="7" count="4" type="stmt"/>
        <line num="9" count="5" type="stmt"/>
        <line num="12" count="4" type="stmt"/>
        <line num="14" count="4" type="stmt"/>
        <line num="17" count="4" type="stmt"/>
        <line num="19" count="4" type="stmt"/>
      </file>
    </package>
    <package name="app.store.enrollment">
      <metrics statements="8" coveredstatements="7" conditionals="0" coveredconditionals="0" methods="3" coveredmethods="2"/>
      <file name="enrollment.actions.ts" path="/Users/dhineshkumar/Documents/Angular_HandsOn/student-course-portal/src/app/store/enrollment/enrollment.actions.ts">
        <metrics statements="2" coveredstatements="2" conditionals="0" coveredconditionals="0" methods="0" coveredmethods="0"/>
        <line num="3" count="3" type="stmt"/>
        <line num="10" count="3" type="stmt"/>
      </file>
      <file name="enrollment.selectors.ts" path="/Users/dhineshkumar/Documents/Angular_HandsOn/student-course-portal/src/app/store/enrollment/enrollment.selectors.ts">
        <metrics statements="6" coveredstatements="5" conditionals="0" coveredconditionals="0" methods="3" coveredmethods="2"/>
        <line num="6" count="4" type="stmt"/>
        <line num="8" count="4" type="stmt"/>
        <line num="10" count="1" type="stmt"/>
        <line num="13" count="4" type="stmt"/>
        <line num="17" count="1" type="stmt"/>
        <line num="18" count="0" type="stmt"/>
      </file>
    </package>
  </project>
</coverage>
