{"/Users/dhineshkumar/Documents/Angular_HandsOn/student-course-portal/src/app/app.html": {"path":"/Users/dhineshkumar/Documents/Angular_HandsOn/student-course-portal/src/app/app.html","statementMap":{"0":{"start":{"line":1,"column":0},"end":{"line":1,"column":6}},"1":{"start":{"line":7,"column":4},"end":{"line":7,"column":null}},"2":{"start":{"line":9,"column":0},"end":{"line":9,"column":null}},"3":{"start":{"line":11,"column":0},"end":{"line":15,"column":null}},"4":{"start":{"line":1,"column":6},"end":{"line":1,"column":null}}},"fnMap":{},"branchMap":{},"s":{"0":2,"1":0,"2":0,"3":2,"4":2},"f":{},"b":{},"meta":{"lastBranch":0,"lastFunction":0,"lastStatement":5,"seen":{"s:1:0:1:6":0,"s:7:4:7:Infinity":1,"s:9:0:9:Infinity":2,"s:11:0:15:Infinity":3,"s:1:6:1:Infinity":4},"fnNames":{}}}
,"/Users/dhineshkumar/Documents/Angular_HandsOn/student-course-portal/src/app/app.ts": {"path":"/Users/dhineshkumar/Documents/Angular_HandsOn/student-course-portal/src/app/app.ts","statementMap":{"0":{"start":{"line":30,"column":6},"end":{"line":25,"column":null}},"1":{"start":{"line":31,"column":21},"end":{"line":31,"column":null}},"2":{"start":{"line":30,"column":13},"end":{"line":25,"column":null}},"3":{"start":{"line":34,"column":11},"end":{"line":34,"column":41}},"4":{"start":{"line":30,"column":13},"end":{"line":30,"column":null}},"5":{"start":{"line":30,"column":16},"end":{"line":15,"column":null}},"6":{"start":{"line":30,"column":13},"end":{"line":26,"column":null}}},"fnMap":{"0":{"name":"constructor","decl":{"start":{"line":33,"column":2},"end":{"line":33,"column":null}},"loc":{"start":{"line":34,"column":41},"end":{"line":35,"column":null}},"line":34},"1":{"name":"template","decl":{"start":{"line":30,"column":16},"end":{"line":30,"column":null}},"loc":{"start":{"line":30,"column":16},"end":{"line":1,"column":null}},"line":30}},"branchMap":{"0":{"loc":{"start":{"line":31,"column":59},"end":{"line":31,"column":null}},"type":"cond-expr","locations":[{"start":{"line":31,"column":59},"end":{"line":31,"column":null}}],"line":31},"1":{"loc":{"start":{"line":30,"column":13},"end":{"line":30,"column":16}},"type":"binary-expr","locations":[{"start":{"line":30,"column":13},"end":{"line":30,"column":16}},{"start":{"line":30,"column":13},"end":{"line":30,"column":16}}],"line":30},"2":{"loc":{"start":{"line":30,"column":16},"end":{"line":15,"column":null}},"type":"if","locations":[{"start":{"line":30,"column":16},"end":{"line":15,"column":null}},{"start":{},"end":{}}],"line":30},"3":{"loc":{"start":{"line":30,"column":13},"end":{"line":26,"column":null}},"type":"binary-expr","locations":[{"start":{"line":30,"column":13},"end":{"line":30,"column":16}},{"start":{"line":30,"column":13},"end":{"line":30,"column":16}},{"start":{"line":30,"column":13},"end":{"line":26,"column":null}}],"line":30},"4":{"loc":{"start":{"line":30,"column":13},"end":{"line":30,"column":null}},"type":"binary-expr","locations":[{"start":{"line":30,"column":13},"end":{"line":30,"column":16}},{"start":{"line":30,"column":13},"end":{"line":30,"column":16}},{"start":{"line":30,"column":13},"end":{"line":30,"column":null}}],"line":30}},"s":{"0":1,"1":2,"2":1,"3":2,"4":1,"5":4,"6":1},"f":{"0":2,"1":1},"b":{"0":[2],"1":[2,2],"2":[2,2],"3":[1,1,1],"4":[1,1,1]},"meta":{"lastBranch":5,"lastFunction":2,"lastStatement":7,"seen":{"s:30:6:25:Infinity":0,"s:31:21:31:Infinity":1,"s:30:13:25:Infinity":2,"b:31:59:31:Infinity":0,"f:33:2:33:Infinity":0,"s:34:11:34:41":3,"s:30:13:30:Infinity":4,"b:30:13:30:16:30:13:30:16":1,"f:30:16:30:Infinity":1,"b:30:16:15:Infinity:undefined:undefined:undefined:undefined":2,"s:30:16:15:Infinity":5,"s:30:13:26:Infinity":6,"b:30:13:30:16:30:13:30:16:30:13:26:Infinity":3,"b:30:13:30:16:30:13:30:16:30:13:30:Infinity":4},"fnNames":{}}}
,"/Users/dhineshkumar/Documents/Angular_HandsOn/student-course-portal/src/app/components/course-card/course-card.html": {"path":"/Users/dhineshkumar/Documents/Angular_HandsOn/student-course-portal/src/app/components/course-card/course-card.html","statementMap":{"0":{"start":{"line":26,"column":8},"end":{"line":26,"column":15}},"1":{"start":{"line":26,"column":39},"end":{"line":26,"column":48}},"2":{"start":{"line":26,"column":48},"end":{"line":26,"column":null}},"3":{"start":{"line":27,"column":8},"end":{"line":27,"column":15}},"4":{"start":{"line":27,"column":39},"end":{"line":27,"column":48}},"5":{"start":{"line":27,"column":48},"end":{"line":27,"column":null}},"6":{"start":{"line":28,"column":8},"end":{"line":28,"column":15}},"7":{"start":{"line":28,"column":40},"end":{"line":28,"column":49}},"8":{"start":{"line":28,"column":49},"end":{"line":28,"column":null}},"9":{"start":{"line":1,"column":0},"end":{"line":1,"column":18}},"10":{"start":{"line":1,"column":18},"end":{"line":1,"column":66}},"11":{"start":{"line":1,"column":18},"end":{"line":1,"column":39}},"12":{"start":{"line":4,"column":4},"end":{"line":4,"column":8}},"13":{"start":{"line":4,"column":8},"end":{"line":4,"column":25}},"14":{"start":{"line":4,"column":25},"end":{"line":4,"column":null}},"15":{"start":{"line":6,"column":4},"end":{"line":6,"column":10}},"16":{"start":{"line":6,"column":10},"end":{"line":6,"column":14}},"17":{"start":{"line":6,"column":14},"end":{"line":6,"column":19}},"18":{"start":{"line":6,"column":19},"end":{"line":6,"column":34}},"19":{"start":{"line":6,"column":34},"end":{"line":6,"column":null}},"20":{"start":{"line":8,"column":4},"end":{"line":8,"column":10}},"21":{"start":{"line":8,"column":10},"end":{"line":8,"column":16}},"22":{"start":{"line":8,"column":16},"end":{"line":8,"column":21}},"23":{"start":{"line":8,"column":21},"end":{"line":8,"column":38}},"24":{"start":{"line":8,"column":38},"end":{"line":8,"column":null}},"25":{"start":{"line":10,"column":4},"end":{"line":10,"column":null}},"26":{"start":{"line":11,"column":11},"end":{"line":11,"column":20}},"27":{"start":{"line":11,"column":20},"end":{"line":11,"column":null}},"28":{"start":{"line":12,"column":8},"end":{"line":12,"column":null}},"29":{"start":{"line":13,"column":4},"end":{"line":13,"column":null}},"30":{"start":{"line":15,"column":4},"end":{"line":15,"column":12}},"31":{"start":{"line":15,"column":12},"end":{"line":15,"column":null}},"32":{"start":{"line":15,"column":12},"end":{"line":15,"column":29}},"33":{"start":{"line":16,"column":8},"end":{"line":16,"column":null}},"34":{"start":{"line":17,"column":4},"end":{"line":17,"column":null}},"35":{"start":{"line":19,"column":4},"end":{"line":19,"column":12}},"36":{"start":{"line":19,"column":12},"end":{"line":19,"column":null}},"37":{"start":{"line":19,"column":21},"end":{"line":19,"column":36}},"38":{"start":{"line":19,"column":36},"end":{"line":19,"column":62}},"39":{"start":{"line":20,"column":8},"end":{"line":20,"column":null}},"40":{"start":{"line":21,"column":4},"end":{"line":21,"column":null}},"41":{"start":{"line":23,"column":4},"end":{"line":23,"column":null}},"42":{"start":{"line":25,"column":4},"end":{"line":25,"column":9}},"43":{"start":{"line":26,"column":8},"end":{"line":27,"column":48}},"44":{"start":{"line":29,"column":4},"end":{"line":29,"column":null}},"45":{"start":{"line":1,"column":66},"end":{"line":1,"column":null}},"46":{"start":{"line":25,"column":9},"end":{"line":25,"column":null}},"47":{"start":{"line":26,"column":15},"end":{"line":26,"column":39}},"48":{"start":{"line":27,"column":15},"end":{"line":27,"column":39}},"49":{"start":{"line":28,"column":15},"end":{"line":28,"column":40}}},"fnMap":{"0":{"name":"CourseCardComponent_Template_div_click_0_listener","decl":{"start":{"line":1,"column":18},"end":{"line":1,"column":27}},"loc":{"start":{"line":1,"column":18},"end":{"line":1,"column":66}},"line":1},"1":{"name":"CourseCardComponent_Template_button_click_16_listener","decl":{"start":{"line":15,"column":12},"end":{"line":15,"column":21}},"loc":{"start":{"line":15,"column":12},"end":{"line":15,"column":null}},"line":15},"2":{"name":"CourseCardComponent_Template_button_click_18_listener","decl":{"start":{"line":19,"column":12},"end":{"line":19,"column":21}},"loc":{"start":{"line":19,"column":12},"end":{"line":19,"column":null}},"line":19}},"branchMap":{},"s":{"0":2,"1":2,"2":2,"3":0,"4":0,"5":0,"6":0,"7":0,"8":0,"9":4,"10":4,"11":1,"12":4,"13":6,"14":4,"15":4,"16":4,"17":4,"18":6,"19":4,"20":4,"21":4,"22":4,"23":6,"24":4,"25":4,"26":4,"27":4,"28":6,"29":4,"30":4,"31":4,"32":1,"33":4,"34":4,"35":4,"36":4,"37":0,"38":0,"39":4,"40":4,"41":4,"42":4,"43":4,"44":4,"45":6,"46":6,"47":6,"48":6,"49":6},"f":{"0":1,"1":1,"2":0},"b":{},"meta":{"lastBranch":0,"lastFunction":3,"lastStatement":50,"seen":{"s:26:8:26:15":0,"s:26:39:26:48":1,"s:26:48:26:Infinity":2,"s:27:8:27:15":3,"s:27:39:27:48":4,"s:27:48:27:Infinity":5,"s:28:8:28:15":6,"s:28:40:28:49":7,"s:28:49:28:Infinity":8,"s:1:0:1:18":9,"s:1:18:1:66":10,"f:1:18:1:27":0,"s:1:18:1:39":11,"s:4:4:4:8":12,"s:4:8:4:25":13,"s:4:25:4:Infinity":14,"s:6:4:6:10":15,"s:6:10:6:14":16,"s:6:14:6:19":17,"s:6:19:6:34":18,"s:6:34:6:Infinity":19,"s:8:4:8:10":20,"s:8:10:8:16":21,"s:8:16:8:21":22,"s:8:21:8:38":23,"s:8:38:8:Infinity":24,"s:10:4:10:Infinity":25,"s:11:11:11:20":26,"s:11:20:11:Infinity":27,"s:12:8:12:Infinity":28,"s:13:4:13:Infinity":29,"s:15:4:15:12":30,"s:15:12:15:Infinity":31,"f:15:12:15:21":1,"s:15:12:15:29":32,"s:16:8:16:Infinity":33,"s:17:4:17:Infinity":34,"s:19:4:19:12":35,"s:19:12:19:Infinity":36,"f:19:12:19:21":2,"s:19:21:19:36":37,"s:19:36:19:62":38,"s:20:8:20:Infinity":39,"s:21:4:21:Infinity":40,"s:23:4:23:Infinity":41,"s:25:4:25:9":42,"s:26:8:27:48":43,"s:29:4:29:Infinity":44,"s:1:66:1:Infinity":45,"s:25:9:25:Infinity":46,"s:26:15:26:39":47,"s:27:15:27:39":48,"s:28:15:28:40":49},"fnNames":{}}}
,"/Users/dhineshkumar/Documents/Angular_HandsOn/student-course-portal/src/app/components/course-card/course-card.ts": {"path":"/Users/dhineshkumar/Documents/Angular_HandsOn/student-course-portal/src/app/components/course-card/course-card.ts","statementMap":{"0":{"start":{"line":31,"column":6},"end":{"line":26,"column":null}},"1":{"start":{"line":35,"column":30},"end":{"line":35,"column":null}},"2":{"start":{"line":36,"column":29},"end":{"line":36,"column":null}},"3":{"start":{"line":38,"column":15},"end":{"line":38,"column":null}},"4":{"start":{"line":39,"column":26},"end":{"line":39,"column":null}},"5":{"start":{"line":40,"column":46},"end":{"line":40,"column":null}},"6":{"start":{"line":31,"column":13},"end":{"line":26,"column":null}},"7":{"start":{"line":43,"column":24},"end":{"line":43,"column":37}},"8":{"start":{"line":45,"column":4},"end":{"line":50,"column":null}},"9":{"start":{"line":46,"column":6},"end":{"line":46,"column":null}},"10":{"start":{"line":47,"column":6},"end":{"line":49,"column":null}},"11":{"start":{"line":48,"column":8},"end":{"line":48,"column":null}},"12":{"start":{"line":54,"column":4},"end":{"line":55,"column":null}},"13":{"start":{"line":60,"column":4},"end":{"line":60,"column":null}},"14":{"start":{"line":64,"column":4},"end":{"line":81,"column":null}},"15":{"start":{"line":65,"column":6},"end":{"line":71,"column":null}},"16":{"start":{"line":66,"column":8},"end":{"line":69,"column":null}},"17":{"start":{"line":73,"column":6},"end":{"line":79,"column":null}},"18":{"start":{"line":74,"column":8},"end":{"line":77,"column":null}},"19":{"start":{"line":80,"column":6},"end":{"line":80,"column":null}},"20":{"start":{"line":85,"column":4},"end":{"line":85,"column":null}},"21":{"start":{"line":89,"column":4},"end":{"line":89,"column":null}},"22":{"start":{"line":93,"column":4},"end":{"line":96,"column":null}},"23":{"start":{"line":101,"column":4},"end":{"line":108,"column":null}},"24":{"start":{"line":103,"column":8},"end":{"line":103,"column":null}},"25":{"start":{"line":105,"column":8},"end":{"line":105,"column":null}},"26":{"start":{"line":107,"column":8},"end":{"line":107,"column":null}},"27":{"start":{"line":112,"column":4},"end":{"line":114,"column":null}},"28":{"start":{"line":31,"column":13},"end":{"line":31,"column":null}},"29":{"start":{"line":31,"column":32},"end":{"line":29,"column":null}},"30":{"start":{"line":31,"column":13},"end":{"line":36,"column":12}}},"fnMap":{"0":{"name":"constructor","decl":{"start":{"line":42,"column":2},"end":{"line":42,"column":null}},"loc":{"start":{"line":43,"column":37},"end":{"line":51,"column":null}},"line":43},"1":{"name":"(anonymous_1)","decl":{"start":{"line":47,"column":34},"end":{"line":47,"column":40}},"loc":{"start":{"line":47,"column":40},"end":{"line":49,"column":7}},"line":47},"2":{"name":"enroll","decl":{"start":{"line":53,"column":2},"end":{"line":53,"column":8}},"loc":{"start":{"line":53,"column":8},"end":{"line":57,"column":null}},"line":53},"3":{"name":"viewCourse","decl":{"start":{"line":59,"column":2},"end":{"line":59,"column":12}},"loc":{"start":{"line":59,"column":12},"end":{"line":61,"column":null}},"line":59},"4":{"name":"toggleEnrollment","decl":{"start":{"line":63,"column":2},"end":{"line":63,"column":18}},"loc":{"start":{"line":63,"column":18},"end":{"line":82,"column":null}},"line":63},"5":{"name":"isEnrolled","decl":{"start":{"line":84,"column":2},"end":{"line":84,"column":12}},"loc":{"start":{"line":84,"column":12},"end":{"line":86,"column":null}},"line":84},"6":{"name":"toggleDetails","decl":{"start":{"line":88,"column":2},"end":{"line":88,"column":15}},"loc":{"start":{"line":88,"column":15},"end":{"line":90,"column":null}},"line":88},"7":{"name":"cardClasses","decl":{"start":{"line":92,"column":6},"end":{"line":92,"column":17}},"loc":{"start":{"line":92,"column":17},"end":{"line":98,"column":null}},"line":92},"8":{"name":"borderColor","decl":{"start":{"line":100,"column":6},"end":{"line":100,"column":17}},"loc":{"start":{"line":100,"column":17},"end":{"line":109,"column":null}},"line":100},"9":{"name":"ngOnChanges","decl":{"start":{"line":111,"column":2},"end":{"line":111,"column":14}},"loc":{"start":{"line":111,"column":36},"end":{"line":116,"column":null}},"line":111},"10":{"name":"template","decl":{"start":{"line":31,"column":32},"end":{"line":31,"column":null}},"loc":{"start":{"line":31,"column":32},"end":{"line":28,"column":40}},"line":31}},"branchMap":{"0":{"loc":{"start":{"line":45,"column":4},"end":{"line":50,"column":null}},"type":"if","locations":[{"start":{"line":45,"column":4},"end":{"line":50,"column":null}},{"start":{},"end":{}}],"line":45},"1":{"loc":{"start":{"line":64,"column":4},"end":{"line":81,"column":null}},"type":"if","locations":[{"start":{"line":64,"column":4},"end":{"line":81,"column":null}},{"start":{"line":72,"column":11},"end":{"line":81,"column":null}}],"line":64},"2":{"loc":{"start":{"line":65,"column":6},"end":{"line":71,"column":null}},"type":"if","locations":[{"start":{"line":65,"column":6},"end":{"line":71,"column":null}},{"start":{},"end":{}}],"line":65},"3":{"loc":{"start":{"line":73,"column":6},"end":{"line":79,"column":null}},"type":"if","locations":[{"start":{"line":73,"column":6},"end":{"line":79,"column":null}},{"start":{},"end":{}}],"line":73},"4":{"loc":{"start":{"line":101,"column":4},"end":{"line":108,"column":null}},"type":"switch","locations":[{"start":{"line":102,"column":6},"end":{"line":103,"column":null}},{"start":{"line":104,"column":6},"end":{"line":105,"column":null}},{"start":{"line":106,"column":6},"end":{"line":107,"column":null}}],"line":101},"5":{"loc":{"start":{"line":31,"column":13},"end":{"line":31,"column":32}},"type":"binary-expr","locations":[{"start":{"line":31,"column":13},"end":{"line":31,"column":32}},{"start":{"line":31,"column":13},"end":{"line":31,"column":32}}],"line":31},"6":{"loc":{"start":{"line":31,"column":32},"end":{"line":29,"column":null}},"type":"if","locations":[{"start":{"line":31,"column":32},"end":{"line":29,"column":null}},{"start":{},"end":{}}],"line":31},"7":{"loc":{"start":{"line":31,"column":13},"end":{"line":36,"column":12}},"type":"binary-expr","locations":[{"start":{"line":31,"column":13},"end":{"line":31,"column":32}},{"start":{"line":31,"column":13},"end":{"line":31,"column":32}},{"start":{"line":31,"column":13},"end":{"line":36,"column":12}}],"line":31},"8":{"loc":{"start":{"line":31,"column":13},"end":{"line":31,"column":null}},"type":"binary-expr","locations":[{"start":{"line":31,"column":13},"end":{"line":31,"column":32}},{"start":{"line":31,"column":13},"end":{"line":31,"column":32}},{"start":{"line":31,"column":13},"end":{"line":31,"column":null}}],"line":31}},"s":{"0":3,"1":4,"2":4,"3":4,"4":4,"5":4,"6":3,"7":4,"8":4,"9":0,"10":0,"11":0,"12":1,"13":1,"14":0,"15":0,"16":0,"17":0,"18":0,"19":0,"20":6,"21":0,"22":6,"23":6,"24":6,"25":0,"26":0,"27":1,"28":3,"29":10,"30":3},"f":{"0":4,"1":0,"2":1,"3":1,"4":0,"5":6,"6":0,"7":6,"8":6,"9":1,"10":3},"b":{"0":[0,4],"1":[0,0],"2":[0,0],"3":[0,0],"4":[6,0,0],"5":[4,4],"6":[4,6],"7":[3,3,3],"8":[3,3,3]},"meta":{"lastBranch":9,"lastFunction":11,"lastStatement":31,"seen":{"s:31:6:26:Infinity":0,"s:35:30:35:Infinity":1,"s:36:29:36:Infinity":2,"s:38:15:38:Infinity":3,"s:39:26:39:Infinity":4,"s:40:46:40:Infinity":5,"s:31:13:26:Infinity":6,"f:42:2:42:Infinity":0,"s:43:24:43:37":7,"b:45:4:50:Infinity:undefined:undefined:undefined:undefined":0,"s:45:4:50:Infinity":8,"s:46:6:46:Infinity":9,"s:47:6:49:Infinity":10,"f:47:34:47:40":1,"s:48:8:48:Infinity":11,"f:53:2:53:8":2,"s:54:4:55:Infinity":12,"f:59:2:59:12":3,"s:60:4:60:Infinity":13,"f:63:2:63:18":4,"b:64:4:81:Infinity:72:11:81:Infinity":1,"s:64:4:81:Infinity":14,"b:65:6:71:Infinity:undefined:undefined:undefined:undefined":2,"s:65:6:71:Infinity":15,"s:66:8:69:Infinity":16,"b:73:6:79:Infinity:undefined:undefined:undefined:undefined":3,"s:73:6:79:Infinity":17,"s:74:8:77:Infinity":18,"s:80:6:80:Infinity":19,"f:84:2:84:12":5,"s:85:4:85:Infinity":20,"f:88:2:88:15":6,"s:89:4:89:Infinity":21,"f:92:6:92:17":7,"s:93:4:96:Infinity":22,"f:100:6:100:17":8,"b:102:6:103:Infinity:104:6:105:Infinity:106:6:107:Infinity":4,"s:101:4:108:Infinity":23,"s:103:8:103:Infinity":24,"s:105:8:105:Infinity":25,"s:107:8:107:Infinity":26,"f:111:2:111:14":9,"s:112:4:114:Infinity":27,"s:31:13:31:Infinity":28,"b:31:13:31:32:31:13:31:32":5,"f:31:32:31:Infinity":10,"b:31:32:29:Infinity:undefined:undefined:undefined:undefined":6,"s:31:32:29:Infinity":29,"s:31:13:36:12":30,"b:31:13:31:32:31:13:31:32:31:13:36:12":7,"b:31:13:31:32:31:13:31:32:31:13:31:Infinity":8},"fnNames":{}}}
,"/Users/dhineshkumar/Documents/Angular_HandsOn/student-course-portal/src/app/components/course-summary-widget/course-summary-widget.html": {"path":"/Users/dhineshkumar/Documents/Angular_HandsOn/student-course-portal/src/app/components/course-summary-widget/course-summary-widget.html","statementMap":{"0":{"start":{"line":1,"column":0},"end":{"line":1,"column":4}},"1":{"start":{"line":1,"column":4},"end":{"line":1,"column":18}},"2":{"start":{"line":1,"column":18},"end":{"line":1,"column":null}},"3":{"start":{"line":3,"column":0},"end":{"line":3,"column":null}},"4":{"start":{"line":5,"column":0},"end":{"line":5,"column":null}},"5":{"start":{"line":7,"column":0},"end":{"line":7,"column":null}}},"fnMap":{},"branchMap":{},"s":{"0":3,"1":3,"2":3,"3":3,"4":4,"5":3},"f":{},"b":{},"meta":{"lastBranch":0,"lastFunction":0,"lastStatement":6,"seen":{"s:1:0:1:4":0,"s:1:4:1:18":1,"s:1:18:1:Infinity":2,"s:3:0:3:Infinity":3,"s:5:0:5:Infinity":4,"s:7:0:7:Infinity":5},"fnNames":{}}}
,"/Users/dhineshkumar/Documents/Angular_HandsOn/student-course-portal/src/app/components/course-summary-widget/course-summary-widget.ts": {"path":"/Users/dhineshkumar/Documents/Angular_HandsOn/student-course-portal/src/app/components/course-summary-widget/course-summary-widget.ts","statementMap":{"0":{"start":{"line":13,"column":6},"end":{"line":9,"column":25}},"1":{"start":{"line":15,"column":17},"end":{"line":15,"column":null}},"2":{"start":{"line":13,"column":13},"end":{"line":9,"column":25}},"3":{"start":{"line":17,"column":22},"end":{"line":17,"column":50}},"4":{"start":{"line":20,"column":4},"end":{"line":27,"column":null}},"5":{"start":{"line":22,"column":8},"end":{"line":22,"column":null}},"6":{"start":{"line":25,"column":8},"end":{"line":25,"column":null}},"7":{"start":{"line":13,"column":13},"end":{"line":13,"column":null}},"8":{"start":{"line":13,"column":32},"end":{"line":7,"column":null}},"9":{"start":{"line":13,"column":13},"end":{"line":9,"column":null}}},"fnMap":{"0":{"name":"constructor","decl":{"start":{"line":17,"column":2},"end":{"line":17,"column":22}},"loc":{"start":{"line":17,"column":50},"end":{"line":17,"column":null}},"line":17},"1":{"name":"ngOnInit","decl":{"start":{"line":19,"column":2},"end":{"line":19,"column":10}},"loc":{"start":{"line":19,"column":10},"end":{"line":28,"column":null}},"line":19},"2":{"name":"(anonymous_2)","decl":{"start":{"line":21,"column":12},"end":{"line":21,"column":13}},"loc":{"start":{"line":21,"column":24},"end":{"line":23,"column":null}},"line":21},"3":{"name":"(anonymous_3)","decl":{"start":{"line":24,"column":13},"end":{"line":24,"column":14}},"loc":{"start":{"line":24,"column":21},"end":{"line":26,"column":null}},"line":24},"4":{"name":"template","decl":{"start":{"line":13,"column":32},"end":{"line":13,"column":null}},"loc":{"start":{"line":13,"column":32},"end":{"line":9,"column":24}},"line":13}},"branchMap":{"0":{"loc":{"start":{"line":13,"column":13},"end":{"line":13,"column":32}},"type":"binary-expr","locations":[{"start":{"line":13,"column":13},"end":{"line":13,"column":32}},{"start":{"line":13,"column":13},"end":{"line":13,"column":32}}],"line":13},"1":{"loc":{"start":{"line":13,"column":32},"end":{"line":7,"column":null}},"type":"if","locations":[{"start":{"line":13,"column":32},"end":{"line":7,"column":null}},{"start":{},"end":{}}],"line":13},"2":{"loc":{"start":{"line":13,"column":13},"end":{"line":9,"column":null}},"type":"binary-expr","locations":[{"start":{"line":13,"column":13},"end":{"line":13,"column":32}},{"start":{"line":13,"column":13},"end":{"line":13,"column":32}},{"start":{"line":13,"column":13},"end":{"line":9,"column":null}}],"line":13},"3":{"loc":{"start":{"line":13,"column":13},"end":{"line":13,"column":null}},"type":"binary-expr","locations":[{"start":{"line":13,"column":13},"end":{"line":13,"column":32}},{"start":{"line":13,"column":13},"end":{"line":13,"column":32}},{"start":{"line":13,"column":13},"end":{"line":13,"column":null}}],"line":13}},"s":{"0":2,"1":3,"2":2,"3":3,"4":2,"5":0,"6":2,"7":2,"8":7,"9":2},"f":{"0":3,"1":2,"2":0,"3":2,"4":2},"b":{"0":[3,3],"1":[3,4],"2":[2,2,2],"3":[2,2,2]},"meta":{"lastBranch":4,"lastFunction":5,"lastStatement":10,"seen":{"s:13:6:9:25":0,"s:15:17:15:Infinity":1,"s:13:13:9:25":2,"f:17:2:17:22":0,"s:17:22:17:50":3,"f:19:2:19:10":1,"s:20:4:27:Infinity":4,"f:21:12:21:13":2,"s:22:8:22:Infinity":5,"f:24:13:24:14":3,"s:25:8:25:Infinity":6,"s:13:13:13:Infinity":7,"b:13:13:13:32:13:13:13:32":0,"f:13:32:13:Infinity":4,"b:13:32:7:Infinity:undefined:undefined:undefined:undefined":1,"s:13:32:7:Infinity":8,"s:13:13:9:Infinity":9,"b:13:13:13:32:13:13:13:32:13:13:9:Infinity":2,"b:13:13:13:32:13:13:13:32:13:13:13:Infinity":3},"fnNames":{}}}
,"/Users/dhineshkumar/Documents/Angular_HandsOn/student-course-portal/src/app/components/header/header.html": {"path":"/Users/dhineshkumar/Documents/Angular_HandsOn/student-course-portal/src/app/components/header/header.html","statementMap":{"0":{"start":{"line":1,"column":0},"end":{"line":1,"column":null}},"1":{"start":{"line":2,"column":6},"end":{"line":2,"column":27}},"2":{"start":{"line":2,"column":27},"end":{"line":2,"column":null}},"3":{"start":{"line":3,"column":2},"end":{"line":3,"column":null}},"4":{"start":{"line":4,"column":0},"end":{"line":4,"column":null}}},"fnMap":{},"branchMap":{},"s":{"0":3,"1":3,"2":3,"3":3,"4":3},"f":{},"b":{},"meta":{"lastBranch":0,"lastFunction":0,"lastStatement":5,"seen":{"s:1:0:1:Infinity":0,"s:2:6:2:27":1,"s:2:27:2:Infinity":2,"s:3:2:3:Infinity":3,"s:4:0:4:Infinity":4},"fnNames":{}}}
,"/Users/dhineshkumar/Documents/Angular_HandsOn/student-course-portal/src/app/components/header/header.ts": {"path":"/Users/dhineshkumar/Documents/Angular_HandsOn/student-course-portal/src/app/components/header/header.ts","statementMap":{"0":{"start":{"line":9,"column":6},"end":{"line":4,"column":null}},"1":{"start":{"line":9,"column":13},"end":{"line":4,"column":null}},"2":{"start":{"line":9,"column":13},"end":{"line":9,"column":null}},"3":{"start":{"line":9,"column":19},"end":{"line":4,"column":null}},"4":{"start":{"line":9,"column":13},"end":{"line":5,"column":null}}},"fnMap":{"0":{"name":"template","decl":{"start":{"line":9,"column":19},"end":{"line":9,"column":null}},"loc":{"start":{"line":9,"column":19},"end":{"line":4,"column":null}},"line":9}},"branchMap":{"0":{"loc":{"start":{"line":9,"column":13},"end":{"line":9,"column":19}},"type":"binary-expr","locations":[{"start":{"line":9,"column":13},"end":{"line":9,"column":19}},{"start":{"line":9,"column":13},"end":{"line":9,"column":19}}],"line":9},"1":{"loc":{"start":{"line":9,"column":19},"end":{"line":4,"column":null}},"type":"if","locations":[{"start":{"line":9,"column":19},"end":{"line":4,"column":null}},{"start":{},"end":{}}],"line":9},"2":{"loc":{"start":{"line":9,"column":13},"end":{"line":5,"column":null}},"type":"binary-expr","locations":[{"start":{"line":9,"column":13},"end":{"line":9,"column":19}},{"start":{"line":9,"column":13},"end":{"line":9,"column":19}},{"start":{"line":9,"column":13},"end":{"line":5,"column":null}}],"line":9},"3":{"loc":{"start":{"line":9,"column":13},"end":{"line":9,"column":null}},"type":"binary-expr","locations":[{"start":{"line":9,"column":13},"end":{"line":9,"column":19}},{"start":{"line":9,"column":13},"end":{"line":9,"column":19}},{"start":{"line":9,"column":13},"end":{"line":9,"column":null}}],"line":9}},"s":{"0":2,"1":2,"2":2,"3":7,"4":2},"f":{"0":2},"b":{"0":[3,3],"1":[3,4],"2":[2,2,2],"3":[2,2,2]},"meta":{"lastBranch":4,"lastFunction":1,"lastStatement":5,"seen":{"s:9:6:4:Infinity":0,"s:9:13:4:Infinity":1,"s:9:13:9:Infinity":2,"b:9:13:9:19:9:13:9:19":0,"f:9:19:9:Infinity":0,"b:9:19:4:Infinity:undefined:undefined:undefined:undefined":1,"s:9:19:4:Infinity":3,"s:9:13:5:Infinity":4,"b:9:13:9:19:9:13:9:19:9:13:5:Infinity":2,"b:9:13:9:19:9:13:9:19:9:13:9:Infinity":3},"fnNames":{}}}
,"/Users/dhineshkumar/Documents/Angular_HandsOn/student-course-portal/src/app/components/notification/notification.html": {"path":"/Users/dhineshkumar/Documents/Angular_HandsOn/student-course-portal/src/app/components/notification/notification.html","statementMap":{"0":{"start":{"line":1,"column":0},"end":{"line":1,"column":4}},"1":{"start":{"line":1,"column":4},"end":{"line":1,"column":16}},"2":{"start":{"line":1,"column":16},"end":{"line":1,"column":null}},"3":{"start":{"line":3,"column":0},"end":{"line":3,"column":3}},"4":{"start":{"line":3,"column":3},"end":{"line":3,"column":36}},"5":{"start":{"line":3,"column":36},"end":{"line":3,"column":null}}},"fnMap":{},"branchMap":{},"s":{"0":3,"1":3,"2":3,"3":3,"4":4,"5":3},"f":{},"b":{},"meta":{"lastBranch":0,"lastFunction":0,"lastStatement":6,"seen":{"s:1:0:1:4":0,"s:1:4:1:16":1,"s:1:16:1:Infinity":2,"s:3:0:3:3":3,"s:3:3:3:36":4,"s:3:36:3:Infinity":5},"fnNames":{}}}
,"/Users/dhineshkumar/Documents/Angular_HandsOn/student-course-portal/src/app/components/notification/notification.ts": {"path":"/Users/dhineshkumar/Documents/Angular_HandsOn/student-course-portal/src/app/components/notification/notification.ts","statementMap":{"0":{"start":{"line":15,"column":6},"end":{"line":3,"column":36}},"1":{"start":{"line":15,"column":13},"end":{"line":3,"column":36}},"2":{"start":{"line":17,"column":21},"end":{"line":17,"column":61}},"3":{"start":{"line":15,"column":13},"end":{"line":15,"column":null}},"4":{"start":{"line":13,"column":34},"end":{"line":3,"column":null}},"5":{"start":{"line":15,"column":13},"end":{"line":13,"column":null}}},"fnMap":{"0":{"name":"constructor","decl":{"start":{"line":17,"column":2},"end":{"line":17,"column":21}},"loc":{"start":{"line":17,"column":61},"end":{"line":17,"column":null}},"line":17},"1":{"name":"template","decl":{"start":{"line":13,"column":34},"end":{"line":13,"column":null}},"loc":{"start":{"line":13,"column":34},"end":{"line":3,"column":36}},"line":13}},"branchMap":{"0":{"loc":{"start":{"line":15,"column":13},"end":{"line":15,"column":34}},"type":"binary-expr","locations":[{"start":{"line":15,"column":13},"end":{"line":15,"column":34}},{"start":{"line":15,"column":13},"end":{"line":15,"column":34}}],"line":15},"1":{"loc":{"start":{"line":13,"column":34},"end":{"line":3,"column":null}},"type":"if","locations":[{"start":{"line":13,"column":34},"end":{"line":3,"column":null}},{"start":{},"end":{}}],"line":13},"2":{"loc":{"start":{"line":15,"column":13},"end":{"line":13,"column":null}},"type":"binary-expr","locations":[{"start":{"line":15,"column":13},"end":{"line":15,"column":34}},{"start":{"line":15,"column":13},"end":{"line":15,"column":34}},{"start":{"line":15,"column":13},"end":{"line":13,"column":null}}],"line":15},"3":{"loc":{"start":{"line":15,"column":13},"end":{"line":15,"column":null}},"type":"binary-expr","locations":[{"start":{"line":15,"column":13},"end":{"line":15,"column":34}},{"start":{"line":15,"column":13},"end":{"line":15,"column":34}},{"start":{"line":15,"column":13},"end":{"line":15,"column":null}}],"line":15}},"s":{"0":2,"1":2,"2":3,"3":2,"4":7,"5":2},"f":{"0":3,"1":2},"b":{"0":[3,3],"1":[3,4],"2":[2,2,2],"3":[2,2,2]},"meta":{"lastBranch":4,"lastFunction":2,"lastStatement":6,"seen":{"s:15:6:3:36":0,"s:15:13:3:36":1,"f:17:2:17:21":0,"s:17:21:17:61":2,"s:15:13:15:Infinity":3,"b:15:13:15:34:15:13:15:34":0,"f:13:34:13:Infinity":1,"b:13:34:3:Infinity:undefined:undefined:undefined:undefined":1,"s:13:34:3:Infinity":4,"s:15:13:13:Infinity":5,"b:15:13:15:34:15:13:15:34:15:13:13:Infinity":2,"b:15:13:15:34:15:13:15:34:15:13:15:Infinity":3},"fnNames":{}}}
,"/Users/dhineshkumar/Documents/Angular_HandsOn/student-course-portal/src/app/directives/highlight.ts": {"path":"/Users/dhineshkumar/Documents/Angular_HandsOn/student-course-portal/src/app/directives/highlight.ts","statementMap":{"0":{"start":{"line":12,"column":6},"end":{"line":12,"column":31}},"1":{"start":{"line":14,"column":26},"end":{"line":14,"column":null}},"2":{"start":{"line":12,"column":13},"end":{"line":12,"column":31}},"3":{"start":{"line":16,"column":22},"end":{"line":16,"column":41}},"4":{"start":{"line":21,"column":4},"end":{"line":22,"column":null}},"5":{"start":{"line":29,"column":4},"end":{"line":29,"column":null}},"6":{"start":{"line":12,"column":13},"end":{"line":12,"column":null}},"7":{"start":{"line":12,"column":31},"end":{"line":12,"column":31}},"8":{"start":{"line":12,"column":13},"end":{"line":12,"column":27}},"9":{"start":{"line":12,"column":31},"end":{"line":12,"column":27}},"10":{"start":{"line":12,"column":13},"end":{"line":26,"column":null}}},"fnMap":{"0":{"name":"constructor","decl":{"start":{"line":16,"column":2},"end":{"line":16,"column":22}},"loc":{"start":{"line":16,"column":41},"end":{"line":16,"column":null}},"line":16},"1":{"name":"onMouseEnter","decl":{"start":{"line":19,"column":2},"end":{"line":19,"column":14}},"loc":{"start":{"line":19,"column":14},"end":{"line":24,"column":null}},"line":19},"2":{"name":"onMouseLeave","decl":{"start":{"line":27,"column":2},"end":{"line":27,"column":14}},"loc":{"start":{"line":27,"column":14},"end":{"line":31,"column":null}},"line":27},"3":{"name":"hostBindings","decl":{"start":{"line":12,"column":31},"end":{"line":12,"column":null}},"loc":{"start":{"line":12,"column":31},"end":{"line":12,"column":31}},"line":12},"4":{"name":"HighlightDirective_mouseenter_HostBindingHandler","decl":{"start":{"line":12,"column":13},"end":{"line":12,"column":27}},"loc":{"start":{"line":12,"column":13},"end":{"line":12,"column":31}},"line":12}},"branchMap":{"0":{"loc":{"start":{"line":12,"column":13},"end":{"line":12,"column":27}},"type":"binary-expr","locations":[{"start":{"line":12,"column":13},"end":{"line":12,"column":27}},{"start":{"line":12,"column":13},"end":{"line":12,"column":27}}],"line":12},"1":{"loc":{"start":{"line":12,"column":31},"end":{"line":12,"column":31}},"type":"if","locations":[{"start":{"line":12,"column":31},"end":{"line":12,"column":31}},{"start":{},"end":{}}],"line":12},"2":{"loc":{"start":{"line":12,"column":13},"end":{"line":26,"column":null}},"type":"binary-expr","locations":[{"start":{"line":12,"column":13},"end":{"line":12,"column":27}},{"start":{"line":12,"column":13},"end":{"line":12,"column":27}},{"start":{"line":12,"column":13},"end":{"line":26,"column":null}}],"line":12}},"s":{"0":3,"1":4,"2":4,"3":4,"4":0,"5":0,"6":4,"7":10,"8":0,"9":0,"10":3},"f":{"0":4,"1":0,"2":0,"3":3,"4":0},"b":{"0":[4,4],"1":[4,6],"2":[3,3,3]},"meta":{"lastBranch":3,"lastFunction":5,"lastStatement":11,"seen":{"s:12:6:12:31":0,"s:14:26:14:Infinity":1,"s:12:13:12:31":2,"f:16:2:16:22":0,"s:16:22:16:41":3,"f:19:2:19:14":1,"s:21:4:22:Infinity":4,"f:27:2:27:14":2,"s:29:4:29:Infinity":5,"s:12:13:12:Infinity":6,"b:12:13:12:27:12:13:12:27":0,"f:12:31:12:Infinity":3,"b:12:31:12:31:undefined:undefined:undefined:undefined":1,"s:12:31:12:31":7,"f:12:13:12:27":4,"s:12:13:12:27":8,"s:12:31:12:27":9,"s:12:13:26:Infinity":10,"b:12:13:12:27:12:13:12:27:12:13:26:Infinity":2},"fnNames":{}}}
,"/Users/dhineshkumar/Documents/Angular_HandsOn/student-course-portal/src/app/guards/auth-guard.ts": {"path":"/Users/dhineshkumar/Documents/Angular_HandsOn/student-course-portal/src/app/guards/auth-guard.ts","statementMap":{"0":{"start":{"line":5,"column":40},"end":{"line":20,"column":null}},"1":{"start":{"line":7,"column":8},"end":{"line":7,"column":null}},"2":{"start":{"line":8,"column":8},"end":{"line":8,"column":null}},"3":{"start":{"line":10,"column":2},"end":{"line":14,"column":null}},"4":{"start":{"line":12,"column":4},"end":{"line":12,"column":null}},"5":{"start":{"line":16,"column":2},"end":{"line":16,"column":null}},"6":{"start":{"line":18,"column":2},"end":{"line":18,"column":null}}},"fnMap":{"0":{"name":"(anonymous_0)","decl":{"start":{"line":5,"column":40},"end":{"line":5,"column":45}},"loc":{"start":{"line":5,"column":45},"end":{"line":20,"column":null}},"line":5}},"branchMap":{"0":{"loc":{"start":{"line":10,"column":2},"end":{"line":14,"column":null}},"type":"if","locations":[{"start":{"line":10,"column":2},"end":{"line":14,"column":null}},{"start":{},"end":{}}],"line":10}},"s":{"0":1,"1":0,"2":0,"3":0,"4":0,"5":0,"6":0},"f":{"0":0},"b":{"0":[0,0]},"meta":{"lastBranch":1,"lastFunction":1,"lastStatement":7,"seen":{"s:5:40:20:Infinity":0,"f:5:40:5:45":0,"s:7:8:7:Infinity":1,"s:8:8:8:Infinity":2,"b:10:2:14:Infinity:undefined:undefined:undefined:undefined":0,"s:10:2:14:Infinity":3,"s:12:4:12:Infinity":4,"s:16:2:16:Infinity":5,"s:18:2:18:Infinity":6},"fnNames":{}}}
,"/Users/dhineshkumar/Documents/Angular_HandsOn/student-course-portal/src/app/guards/unsaved-changes-guard.ts": {"path":"/Users/dhineshkumar/Documents/Angular_HandsOn/student-course-portal/src/app/guards/unsaved-changes-guard.ts","statementMap":{"0":{"start":{"line":10,"column":42},"end":{"line":14,"column":null}},"1":{"start":{"line":12,"column":2},"end":{"line":12,"column":null}}},"fnMap":{"0":{"name":"(anonymous_0)","decl":{"start":{"line":10,"column":42},"end":{"line":10,"column":43}},"loc":{"start":{"line":10,"column":56},"end":{"line":14,"column":null}},"line":10}},"branchMap":{},"s":{"0":1,"1":0},"f":{"0":0},"b":{},"meta":{"lastBranch":0,"lastFunction":1,"lastStatement":2,"seen":{"s:10:42:14:Infinity":0,"f:10:42:10:43":0,"s:12:2:12:Infinity":1},"fnNames":{}}}
,"/Users/dhineshkumar/Documents/Angular_HandsOn/student-course-portal/src/app/pages/course-detail/course-detail.html": {"path":"/Users/dhineshkumar/Documents/Angular_HandsOn/student-course-portal/src/app/pages/course-detail/course-detail.html","statementMap":{"0":{"start":{"line":3,"column":0},"end":{"line":5,"column":10}},"1":{"start":{"line":5,"column":10},"end":{"line":5,"column":14}},"2":{"start":{"line":5,"column":14},"end":{"line":5,"column":19}},"3":{"start":{"line":5,"column":19},"end":{"line":5,"column":34}},"4":{"start":{"line":5,"column":34},"end":{"line":5,"column":null}},"5":{"start":{"line":7,"column":4},"end":{"line":7,"column":10}},"6":{"start":{"line":7,"column":10},"end":{"line":7,"column":16}},"7":{"start":{"line":7,"column":16},"end":{"line":7,"column":21}},"8":{"start":{"line":7,"column":21},"end":{"line":7,"column":38}},"9":{"start":{"line":7,"column":38},"end":{"line":7,"column":null}},"10":{"start":{"line":9,"column":4},"end":{"line":9,"column":10}},"11":{"start":{"line":9,"column":10},"end":{"line":9,"column":16}},"12":{"start":{"line":9,"column":16},"end":{"line":9,"column":21}},"13":{"start":{"line":9,"column":21},"end":{"line":9,"column":38}},"14":{"start":{"line":9,"column":38},"end":{"line":9,"column":null}},"15":{"start":{"line":11,"column":4},"end":{"line":11,"column":10}},"16":{"start":{"line":11,"column":10},"end":{"line":11,"column":19}},"17":{"start":{"line":11,"column":19},"end":{"line":11,"column":24}},"18":{"start":{"line":11,"column":24},"end":{"line":11,"column":44}},"19":{"start":{"line":11,"column":44},"end":{"line":11,"column":null}},"20":{"start":{"line":13,"column":4},"end":{"line":13,"column":10}},"21":{"start":{"line":13,"column":10},"end":{"line":13,"column":18}},"22":{"start":{"line":13,"column":18},"end":{"line":13,"column":23}},"23":{"start":{"line":13,"column":23},"end":{"line":13,"column":47}},"24":{"start":{"line":13,"column":47},"end":{"line":13,"column":null}},"25":{"start":{"line":22,"column":4},"end":{"line":22,"column":28}},"26":{"start":{"line":24,"column":8},"end":{"line":24,"column":null}},"27":{"start":{"line":26,"column":4},"end":{"line":26,"column":null}},"28":{"start":{"line":20,"column":0},"end":{"line":20,"column":5}},"29":{"start":{"line":28,"column":0},"end":{"line":28,"column":null}},"30":{"start":{"line":22,"column":28},"end":{"line":22,"column":null}},"31":{"start":{"line":31,"column":4},"end":{"line":31,"column":7}},"32":{"start":{"line":31,"column":7},"end":{"line":31,"column":43}},"33":{"start":{"line":31,"column":43},"end":{"line":31,"column":null}},"34":{"start":{"line":1,"column":0},"end":{"line":1,"column":3}},"35":{"start":{"line":1,"column":3},"end":{"line":1,"column":23}},"36":{"start":{"line":1,"column":23},"end":{"line":1,"column":null}},"37":{"start":{"line":3,"column":0},"end":{"line":3,"column":6}},"38":{"start":{"line":17,"column":0},"end":{"line":17,"column":null}},"39":{"start":{"line":18,"column":0},"end":{"line":18,"column":4}},"40":{"start":{"line":18,"column":4},"end":{"line":18,"column":21}},"41":{"start":{"line":18,"column":21},"end":{"line":18,"column":null}},"42":{"start":{"line":20,"column":0},"end":{"line":20,"column":null}},"43":{"start":{"line":3,"column":6},"end":{"line":3,"column":20}},"44":{"start":{"line":20,"column":5},"end":{"line":20,"column":44}},"45":{"start":{"line":20,"column":5},"end":{"line":20,"column":61}}},"fnMap":{},"branchMap":{"0":{"loc":{"start":{"line":20,"column":5},"end":{"line":20,"column":44}},"type":"binary-expr","locations":[{"start":{"line":20,"column":5},"end":{"line":20,"column":44}},{"start":{"line":20,"column":5},"end":{"line":20,"column":44}}],"line":20}},"s":{"0":0,"1":0,"2":0,"3":0,"4":0,"5":0,"6":0,"7":0,"8":0,"9":0,"10":0,"11":0,"12":0,"13":0,"14":0,"15":0,"16":0,"17":0,"18":0,"19":0,"20":0,"21":0,"22":0,"23":0,"24":0,"25":0,"26":0,"27":0,"28":0,"29":0,"30":0,"31":1,"32":1,"33":1,"34":1,"35":1,"36":1,"37":1,"38":1,"39":1,"40":1,"41":1,"42":1,"43":2,"44":2,"45":2},"f":{},"b":{"0":[2,2]},"meta":{"lastBranch":1,"lastFunction":0,"lastStatement":46,"seen":{"s:3:0:5:10":0,"s:5:10:5:14":1,"s:5:14:5:19":2,"s:5:19:5:34":3,"s:5:34:5:Infinity":4,"s:7:4:7:10":5,"s:7:10:7:16":6,"s:7:16:7:21":7,"s:7:21:7:38":8,"s:7:38:7:Infinity":9,"s:9:4:9:10":10,"s:9:10:9:16":11,"s:9:16:9:21":12,"s:9:21:9:38":13,"s:9:38:9:Infinity":14,"s:11:4:11:10":15,"s:11:10:11:19":16,"s:11:19:11:24":17,"s:11:24:11:44":18,"s:11:44:11:Infinity":19,"s:13:4:13:10":20,"s:13:10:13:18":21,"s:13:18:13:23":22,"s:13:23:13:47":23,"s:13:47:13:Infinity":24,"s:22:4:22:28":25,"s:24:8:24:Infinity":26,"s:26:4:26:Infinity":27,"s:20:0:20:5":28,"s:28:0:28:Infinity":29,"s:22:28:22:Infinity":30,"s:31:4:31:7":31,"s:31:7:31:43":32,"s:31:43:31:Infinity":33,"s:1:0:1:3":34,"s:1:3:1:23":35,"s:1:23:1:Infinity":36,"s:3:0:3:6":37,"s:17:0:17:Infinity":38,"s:18:0:18:4":39,"s:18:4:18:21":40,"s:18:21:18:Infinity":41,"s:20:0:20:Infinity":42,"s:3:6:3:20":43,"s:20:5:20:44":44,"s:20:5:20:61":45,"b:20:5:20:44:20:5:20:44":0},"fnNames":{}}}
,"/Users/dhineshkumar/Documents/Angular_HandsOn/student-course-portal/src/app/pages/course-detail/course-detail.ts": {"path":"/Users/dhineshkumar/Documents/Angular_HandsOn/student-course-portal/src/app/pages/course-detail/course-detail.ts","statementMap":{"0":{"start":{"line":17,"column":6},"end":{"line":13,"column":25}},"1":{"start":{"line":20,"column":20},"end":{"line":20,"column":null}},"2":{"start":{"line":17,"column":13},"end":{"line":13,"column":25}},"3":{"start":{"line":23,"column":12},"end":{"line":23,"column":null}},"4":{"start":{"line":24,"column":12},"end":{"line":24,"column":null}},"5":{"start":{"line":25,"column":12},"end":{"line":25,"column":48}},"6":{"start":{"line":31,"column":4},"end":{"line":43,"column":null}},"7":{"start":{"line":33,"column":19},"end":{"line":33,"column":null}},"8":{"start":{"line":34,"column":8},"end":{"line":34,"column":null}},"9":{"start":{"line":38,"column":8},"end":{"line":38,"column":null}},"10":{"start":{"line":41,"column":8},"end":{"line":41,"column":null}},"11":{"start":{"line":46,"column":4},"end":{"line":58,"column":null}},"12":{"start":{"line":48,"column":19},"end":{"line":48,"column":null}},"13":{"start":{"line":49,"column":8},"end":{"line":49,"column":null}},"14":{"start":{"line":53,"column":8},"end":{"line":53,"column":null}},"15":{"start":{"line":56,"column":8},"end":{"line":56,"column":null}},"16":{"start":{"line":17,"column":13},"end":{"line":17,"column":null}},"17":{"start":{"line":17,"column":34},"end":{"line":20,"column":null}},"18":{"start":{"line":17,"column":13},"end":{"line":13,"column":null}}},"fnMap":{"0":{"name":"constructor","decl":{"start":{"line":22,"column":2},"end":{"line":22,"column":null}},"loc":{"start":{"line":25,"column":48},"end":{"line":26,"column":null}},"line":25},"1":{"name":"ngOnInit","decl":{"start":{"line":28,"column":2},"end":{"line":28,"column":10}},"loc":{"start":{"line":28,"column":10},"end":{"line":60,"column":null}},"line":28},"2":{"name":"(anonymous_2)","decl":{"start":{"line":32,"column":16},"end":{"line":32,"column":25}},"loc":{"start":{"line":32,"column":25},"end":{"line":35,"column":7}},"line":32},"3":{"name":"(anonymous_3)","decl":{"start":{"line":37,"column":12},"end":{"line":37,"column":13}},"loc":{"start":{"line":37,"column":23},"end":{"line":39,"column":null}},"line":37},"4":{"name":"(anonymous_4)","decl":{"start":{"line":40,"column":13},"end":{"line":40,"column":14}},"loc":{"start":{"line":40,"column":21},"end":{"line":42,"column":null}},"line":40},"5":{"name":"(anonymous_5)","decl":{"start":{"line":47,"column":16},"end":{"line":47,"column":25}},"loc":{"start":{"line":47,"column":25},"end":{"line":50,"column":7}},"line":47},"6":{"name":"(anonymous_6)","decl":{"start":{"line":52,"column":12},"end":{"line":52,"column":13}},"loc":{"start":{"line":52,"column":25},"end":{"line":54,"column":null}},"line":52},"7":{"name":"(anonymous_7)","decl":{"start":{"line":55,"column":13},"end":{"line":55,"column":14}},"loc":{"start":{"line":55,"column":21},"end":{"line":57,"column":null}},"line":55},"8":{"name":"template","decl":{"start":{"line":17,"column":34},"end":{"line":17,"column":null}},"loc":{"start":{"line":17,"column":34},"end":{"line":13,"column":24}},"line":17}},"branchMap":{"0":{"loc":{"start":{"line":17,"column":13},"end":{"line":17,"column":34}},"type":"binary-expr","locations":[{"start":{"line":17,"column":13},"end":{"line":17,"column":34}},{"start":{"line":17,"column":13},"end":{"line":17,"column":34}}],"line":17},"1":{"loc":{"start":{"line":17,"column":34},"end":{"line":20,"column":null}},"type":"if","locations":[{"start":{"line":17,"column":34},"end":{"line":20,"column":null}},{"start":{},"end":{}}],"line":17},"2":{"loc":{"start":{"line":17,"column":13},"end":{"line":13,"column":null}},"type":"binary-expr","locations":[{"start":{"line":17,"column":13},"end":{"line":17,"column":34}},{"start":{"line":17,"column":13},"end":{"line":17,"column":34}},{"start":{"line":17,"column":13},"end":{"line":13,"column":null}}],"line":17},"3":{"loc":{"start":{"line":17,"column":13},"end":{"line":17,"column":null}},"type":"binary-expr","locations":[{"start":{"line":17,"column":13},"end":{"line":17,"column":34}},{"start":{"line":17,"column":13},"end":{"line":17,"column":34}},{"start":{"line":17,"column":13},"end":{"line":17,"column":null}}],"line":17}},"s":{"0":1,"1":1,"2":1,"3":1,"4":1,"5":1,"6":1,"7":1,"8":1,"9":0,"10":1,"11":1,"12":1,"13":1,"14":0,"15":1,"16":1,"17":3,"18":1},"f":{"0":1,"1":1,"2":1,"3":0,"4":1,"5":1,"6":0,"7":1,"8":1},"b":{"0":[1,1],"1":[1,2],"2":[1,1,1],"3":[1,1,1]},"meta":{"lastBranch":4,"lastFunction":9,"lastStatement":19,"seen":{"s:17:6:13:25":0,"s:20:20:20:Infinity":1,"s:17:13:13:25":2,"f:22:2:22:Infinity":0,"s:23:12:23:Infinity":3,"s:24:12:24:Infinity":4,"s:25:12:25:48":5,"f:28:2:28:10":1,"s:31:4:43:Infinity":6,"f:32:16:32:25":2,"s:33:19:33:Infinity":7,"s:34:8:34:Infinity":8,"f:37:12:37:13":3,"s:38:8:38:Infinity":9,"f:40:13:40:14":4,"s:41:8:41:Infinity":10,"s:46:4:58:Infinity":11,"f:47:16:47:25":5,"s:48:19:48:Infinity":12,"s:49:8:49:Infinity":13,"f:52:12:52:13":6,"s:53:8:53:Infinity":14,"f:55:13:55:14":7,"s:56:8:56:Infinity":15,"s:17:13:17:Infinity":16,"b:17:13:17:34:17:13:17:34":0,"f:17:34:17:Infinity":8,"b:17:34:20:Infinity:undefined:undefined:undefined:undefined":1,"s:17:34:20:Infinity":17,"s:17:13:13:Infinity":18,"b:17:13:17:34:17:13:17:34:17:13:13:Infinity":2,"b:17:13:17:34:17:13:17:34:17:13:17:Infinity":3},"fnNames":{}}}
,"/Users/dhineshkumar/Documents/Angular_HandsOn/student-course-portal/src/app/pages/course-list/course-list.html": {"path":"/Users/dhineshkumar/Documents/Angular_HandsOn/student-course-portal/src/app/pages/course-list/course-list.html","statementMap":{"0":{"start":{"line":1,"column":0},"end":{"line":1,"column":6}},"1":{"start":{"line":2,"column":4},"end":{"line":2,"column":null}},"2":{"start":{"line":3,"column":0},"end":{"line":3,"column":null}},"3":{"start":{"line":5,"column":0},"end":{"line":5,"column":6}},"4":{"start":{"line":6,"column":4},"end":{"line":6,"column":null}},"5":{"start":{"line":7,"column":0},"end":{"line":7,"column":null}},"6":{"start":{"line":27,"column":4},"end":{"line":27,"column":null}},"7":{"start":{"line":29,"column":12},"end":{"line":29,"column":27}},"8":{"start":{"line":29,"column":27},"end":{"line":29,"column":null}},"9":{"start":{"line":31,"column":8},"end":{"line":31,"column":12}},"10":{"start":{"line":31,"column":12},"end":{"line":31,"column":29}},"11":{"start":{"line":31,"column":29},"end":{"line":31,"column":null}},"12":{"start":{"line":33,"column":8},"end":{"line":33,"column":12}},"13":{"start":{"line":33,"column":12},"end":{"line":33,"column":29}},"14":{"start":{"line":33,"column":29},"end":{"line":33,"column":null}},"15":{"start":{"line":35,"column":8},"end":{"line":35,"column":12}},"16":{"start":{"line":35,"column":12},"end":{"line":35,"column":32}},"17":{"start":{"line":35,"column":32},"end":{"line":35,"column":null}},"18":{"start":{"line":37,"column":8},"end":{"line":37,"column":null}},"19":{"start":{"line":39,"column":20},"end":{"line":39,"column":null}},"20":{"start":{"line":39,"column":20},"end":{"line":39,"column":29}},"21":{"start":{"line":40,"column":16},"end":{"line":40,"column":null}},"22":{"start":{"line":41,"column":12},"end":{"line":41,"column":null}},"23":{"start":{"line":43,"column":12},"end":{"line":43,"column":20}},"24":{"start":{"line":43,"column":20},"end":{"line":43,"column":null}},"25":{"start":{"line":43,"column":20},"end":{"line":43,"column":29}},"26":{"start":{"line":44,"column":16},"end":{"line":44,"column":null}},"27":{"start":{"line":45,"column":12},"end":{"line":47,"column":null}},"28":{"start":{"line":9,"column":0},"end":{"line":9,"column":19}},"29":{"start":{"line":9,"column":19},"end":{"line":9,"column":null}},"30":{"start":{"line":11,"column":0},"end":{"line":11,"column":8}},"31":{"start":{"line":11,"column":8},"end":{"line":11,"column":null}},"32":{"start":{"line":11,"column":8},"end":{"line":11,"column":31}},"33":{"start":{"line":12,"column":4},"end":{"line":12,"column":null}},"34":{"start":{"line":13,"column":0},"end":{"line":13,"column":null}},"35":{"start":{"line":15,"column":0},"end":{"line":15,"column":null}},"36":{"start":{"line":17,"column":0},"end":{"line":19,"column":null}},"37":{"start":{"line":20,"column":12},"end":{"line":20,"column":14}},"38":{"start":{"line":20,"column":14},"end":{"line":20,"column":null}},"39":{"start":{"line":21,"column":8},"end":{"line":21,"column":12}},"40":{"start":{"line":21,"column":12},"end":{"line":21,"column":16}},"41":{"start":{"line":21,"column":16},"end":{"line":21,"column":null}},"42":{"start":{"line":22,"column":8},"end":{"line":22,"column":12}},"43":{"start":{"line":22,"column":12},"end":{"line":22,"column":16}},"44":{"start":{"line":22,"column":16},"end":{"line":22,"column":null}},"45":{"start":{"line":23,"column":8},"end":{"line":23,"column":12}},"46":{"start":{"line":23,"column":12},"end":{"line":23,"column":19}},"47":{"start":{"line":23,"column":19},"end":{"line":23,"column":null}},"48":{"start":{"line":24,"column":8},"end":{"line":24,"column":12}},"49":{"start":{"line":24,"column":12},"end":{"line":24,"column":18}},"50":{"start":{"line":24,"column":18},"end":{"line":24,"column":null}},"51":{"start":{"line":27,"column":4},"end":{"line":27,"column":27}},"52":{"start":{"line":51,"column":0},"end":{"line":51,"column":null}},"53":{"start":{"line":53,"column":0},"end":{"line":53,"column":null}},"54":{"start":{"line":56,"column":0},"end":{"line":56,"column":4}},"55":{"start":{"line":56,"column":4},"end":{"line":56,"column":20}},"56":{"start":{"line":56,"column":20},"end":{"line":56,"column":null}},"57":{"start":{"line":57,"column":0},"end":{"line":57,"column":null}},"58":{"start":{"line":58,"column":23},"end":{"line":58,"column":null}},"59":{"start":{"line":58,"column":4},"end":{"line":58,"column":23}},"60":{"start":{"line":59,"column":4},"end":{"line":59,"column":23}},"61":{"start":{"line":59,"column":23},"end":{"line":59,"column":null}},"62":{"start":{"line":60,"column":4},"end":{"line":60,"column":25}},"63":{"start":{"line":60,"column":25},"end":{"line":60,"column":null}},"64":{"start":{"line":61,"column":4},"end":{"line":61,"column":12}},"65":{"start":{"line":61,"column":12},"end":{"line":61,"column":34}},"66":{"start":{"line":61,"column":12},"end":{"line":61,"column":32}},"67":{"start":{"line":61,"column":34},"end":{"line":61,"column":44}},"68":{"start":{"line":61,"column":44},"end":{"line":61,"column":null}},"69":{"start":{"line":1,"column":6},"end":{"line":1,"column":null}},"70":{"start":{"line":5,"column":6},"end":{"line":5,"column":null}},"71":{"start":{"line":27,"column":27},"end":{"line":27,"column":48}},"72":{"start":{"line":27,"column":27},"end":{"line":27,"column":74}}},"fnMap":{"0":{"name":"CourseListComponent_tr_21_Template_button_click_10_listener","decl":{"start":{"line":39,"column":20},"end":{"line":39,"column":29}},"loc":{"start":{"line":39,"column":20},"end":{"line":39,"column":null}},"line":39},"1":{"name":"CourseListComponent_tr_21_Template_button_click_12_listener","decl":{"start":{"line":43,"column":20},"end":{"line":43,"column":29}},"loc":{"start":{"line":43,"column":20},"end":{"line":43,"column":null}},"line":43},"2":{"name":"CourseListComponent_Template_input_ngModelChange_4_listener","decl":{"start":{"line":9,"column":19},"end":{"line":9,"column":null}},"loc":{"start":{"line":9,"column":19},"end":{"line":9,"column":null}},"line":9},"3":{"name":"CourseListComponent_Template_button_click_5_listener","decl":{"start":{"line":11,"column":8},"end":{"line":11,"column":17}},"loc":{"start":{"line":11,"column":8},"end":{"line":11,"column":null}},"line":11},"4":{"name":"CourseListComponent_Template_input_ngModelChange_28_listener","decl":{"start":{"line":58,"column":23},"end":{"line":58,"column":null}},"loc":{"start":{"line":58,"column":23},"end":{"line":58,"column":null}},"line":58},"5":{"name":"CourseListComponent_Template_input_ngModelChange_29_listener","decl":{"start":{"line":59,"column":23},"end":{"line":59,"column":null}},"loc":{"start":{"line":59,"column":23},"end":{"line":59,"column":null}},"line":59},"6":{"name":"CourseListComponent_Template_input_ngModelChange_30_listener","decl":{"start":{"line":60,"column":25},"end":{"line":60,"column":null}},"loc":{"start":{"line":60,"column":25},"end":{"line":60,"column":null}},"line":60},"7":{"name":"CourseListComponent_Template_button_click_31_listener","decl":{"start":{"line":61,"column":12},"end":{"line":61,"column":21}},"loc":{"start":{"line":61,"column":12},"end":{"line":61,"column":34}},"line":61}},"branchMap":{"0":{"loc":{"start":{"line":9,"column":19},"end":{"line":9,"column":null}},"type":"binary-expr","locations":[{"start":{"line":9,"column":19},"end":{"line":9,"column":null}},{"start":{"line":9,"column":19},"end":{"line":9,"column":null}}],"line":9},"1":{"loc":{"start":{"line":58,"column":23},"end":{"line":58,"column":null}},"type":"binary-expr","locations":[{"start":{"line":58,"column":23},"end":{"line":58,"column":null}},{"start":{"line":58,"column":23},"end":{"line":58,"column":null}}],"line":58},"2":{"loc":{"start":{"line":59,"column":23},"end":{"line":59,"column":null}},"type":"binary-expr","locations":[{"start":{"line":59,"column":23},"end":{"line":59,"column":null}},{"start":{"line":59,"column":23},"end":{"line":59,"column":null}}],"line":59},"3":{"loc":{"start":{"line":60,"column":25},"end":{"line":60,"column":null}},"type":"binary-expr","locations":[{"start":{"line":60,"column":25},"end":{"line":60,"column":null}},{"start":{"line":60,"column":25},"end":{"line":60,"column":null}}],"line":60}},"s":{"0":4,"1":0,"2":0,"3":4,"4":2,"5":2,"6":8,"7":16,"8":8,"9":8,"10":16,"11":8,"12":8,"13":16,"14":8,"15":8,"16":16,"17":8,"18":8,"19":0,"20":0,"21":8,"22":8,"23":8,"24":0,"25":0,"26":8,"27":8,"28":4,"29":12,"30":4,"31":4,"32":0,"33":4,"34":4,"35":4,"36":4,"37":4,"38":4,"39":4,"40":4,"41":4,"42":4,"43":4,"44":4,"45":4,"46":4,"47":4,"48":4,"49":4,"50":4,"51":4,"52":4,"53":4,"54":4,"55":4,"56":4,"57":4,"58":12,"59":4,"60":4,"61":12,"62":4,"63":12,"64":4,"65":4,"66":0,"67":4,"68":4,"69":12,"70":12,"71":12,"72":12},"f":{"0":0,"1":0,"2":0,"3":0,"4":0,"5":0,"6":0,"7":0},"b":{"0":[0,0],"1":[0,0],"2":[0,0],"3":[0,0]},"meta":{"lastBranch":4,"lastFunction":8,"lastStatement":73,"seen":{"s:1:0:1:6":0,"s:2:4:2:Infinity":1,"s:3:0:3:Infinity":2,"s:5:0:5:6":3,"s:6:4:6:Infinity":4,"s:7:0:7:Infinity":5,"s:27:4:27:Infinity":6,"s:29:12:29:27":7,"s:29:27:29:Infinity":8,"s:31:8:31:12":9,"s:31:12:31:29":10,"s:31:29:31:Infinity":11,"s:33:8:33:12":12,"s:33:12:33:29":13,"s:33:29:33:Infinity":14,"s:35:8:35:12":15,"s:35:12:35:32":16,"s:35:32:35:Infinity":17,"s:37:8:37:Infinity":18,"s:39:20:39:Infinity":19,"f:39:20:39:29":0,"s:39:20:39:29":20,"s:40:16:40:Infinity":21,"s:41:12:41:Infinity":22,"s:43:12:43:20":23,"s:43:20:43:Infinity":24,"f:43:20:43:29":1,"s:43:20:43:29":25,"s:44:16:44:Infinity":26,"s:45:12:47:Infinity":27,"s:9:0:9:19":28,"s:9:19:9:Infinity":29,"f:9:19:9:Infinity":2,"b:9:19:9:Infinity:9:19:9:Infinity":0,"s:11:0:11:8":30,"s:11:8:11:Infinity":31,"f:11:8:11:17":3,"s:11:8:11:31":32,"s:12:4:12:Infinity":33,"s:13:0:13:Infinity":34,"s:15:0:15:Infinity":35,"s:17:0:19:Infinity":36,"s:20:12:20:14":37,"s:20:14:20:Infinity":38,"s:21:8:21:12":39,"s:21:12:21:16":40,"s:21:16:21:Infinity":41,"s:22:8:22:12":42,"s:22:12:22:16":43,"s:22:16:22:Infinity":44,"s:23:8:23:12":45,"s:23:12:23:19":46,"s:23:19:23:Infinity":47,"s:24:8:24:12":48,"s:24:12:24:18":49,"s:24:18:24:Infinity":50,"s:27:4:27:27":51,"s:51:0:51:Infinity":52,"s:53:0:53:Infinity":53,"s:56:0:56:4":54,"s:56:4:56:20":55,"s:56:20:56:Infinity":56,"s:57:0:57:Infinity":57,"s:58:23:58:Infinity":58,"f:58:23:58:Infinity":4,"b:58:23:58:Infinity:58:23:58:Infinity":1,"s:58:4:58:23":59,"s:59:4:59:23":60,"s:59:23:59:Infinity":61,"f:59:23:59:Infinity":5,"b:59:23:59:Infinity:59:23:59:Infinity":2,"s:60:4:60:25":62,"s:60:25:60:Infinity":63,"f:60:25:60:Infinity":6,"b:60:25:60:Infinity:60:25:60:Infinity":3,"s:61:4:61:12":64,"s:61:12:61:34":65,"f:61:12:61:21":7,"s:61:12:61:32":66,"s:61:34:61:44":67,"s:61:44:61:Infinity":68,"s:1:6:1:Infinity":69,"s:5:6:5:Infinity":70,"s:27:27:27:48":71,"s:27:27:27:74":72},"fnNames":{}}}
,"/Users/dhineshkumar/Documents/Angular_HandsOn/student-course-portal/src/app/pages/course-list/course-list.ts": {"path":"/Users/dhineshkumar/Documents/Angular_HandsOn/student-course-portal/src/app/pages/course-list/course-list.ts","statementMap":{"0":{"start":{"line":25,"column":6},"end":{"line":19,"column":null}},"1":{"start":{"line":31,"column":21},"end":{"line":31,"column":null}},"2":{"start":{"line":32,"column":15},"end":{"line":32,"column":null}},"3":{"start":{"line":34,"column":34},"end":{"line":38,"column":null}},"4":{"start":{"line":25,"column":13},"end":{"line":19,"column":null}},"5":{"start":{"line":42,"column":12},"end":{"line":42,"column":null}},"6":{"start":{"line":43,"column":12},"end":{"line":43,"column":null}},"7":{"start":{"line":44,"column":12},"end":{"line":44,"column":null}},"8":{"start":{"line":45,"column":12},"end":{"line":45,"column":24}},"9":{"start":{"line":47,"column":4},"end":{"line":47,"column":null}},"10":{"start":{"line":48,"column":4},"end":{"line":48,"column":null}},"11":{"start":{"line":49,"column":4},"end":{"line":49,"column":null}},"12":{"start":{"line":53,"column":4},"end":{"line":53,"column":null}},"13":{"start":{"line":54,"column":4},"end":{"line":54,"column":null}},"14":{"start":{"line":58,"column":4},"end":{"line":69,"column":null}},"15":{"start":{"line":61,"column":8},"end":{"line":61,"column":null}},"16":{"start":{"line":63,"column":8},"end":{"line":67,"column":null}},"17":{"start":{"line":73,"column":4},"end":{"line":77,"column":null}},"18":{"start":{"line":76,"column":8},"end":{"line":76,"column":null}},"19":{"start":{"line":81,"column":4},"end":{"line":81,"column":null}},"20":{"start":{"line":82,"column":4},"end":{"line":82,"column":null}},"21":{"start":{"line":86,"column":4},"end":{"line":86,"column":null}},"22":{"start":{"line":90,"column":4},"end":{"line":96,"column":null}},"23":{"start":{"line":101,"column":4},"end":{"line":101,"column":null}},"24":{"start":{"line":25,"column":13},"end":{"line":25,"column":null}},"25":{"start":{"line":25,"column":32},"end":{"line":61,"column":null}},"26":{"start":{"line":25,"column":13},"end":{"line":21,"column":null}}},"fnMap":{"0":{"name":"constructor","decl":{"start":{"line":41,"column":2},"end":{"line":41,"column":null}},"loc":{"start":{"line":45,"column":24},"end":{"line":50,"column":null}},"line":45},"1":{"name":"ngOnInit","decl":{"start":{"line":52,"column":2},"end":{"line":52,"column":10}},"loc":{"start":{"line":52,"column":10},"end":{"line":55,"column":null}},"line":52},"2":{"name":"addCourse","decl":{"start":{"line":57,"column":2},"end":{"line":57,"column":11}},"loc":{"start":{"line":57,"column":11},"end":{"line":70,"column":null}},"line":57},"3":{"name":"(anonymous_3)","decl":{"start":{"line":60,"column":17},"end":{"line":60,"column":22}},"loc":{"start":{"line":60,"column":22},"end":{"line":69,"column":7}},"line":60},"4":{"name":"delete","decl":{"start":{"line":72,"column":2},"end":{"line":72,"column":9}},"loc":{"start":{"line":72,"column":19},"end":{"line":78,"column":null}},"line":72},"5":{"name":"(anonymous_5)","decl":{"start":{"line":75,"column":17},"end":{"line":75,"column":22}},"loc":{"start":{"line":75,"column":22},"end":{"line":77,"column":7}},"line":75},"6":{"name":"onEnroll","decl":{"start":{"line":80,"column":2},"end":{"line":80,"column":11}},"loc":{"start":{"line":80,"column":27},"end":{"line":83,"column":null}},"line":80},"7":{"name":"goToCourse","decl":{"start":{"line":85,"column":2},"end":{"line":85,"column":13}},"loc":{"start":{"line":85,"column":27},"end":{"line":87,"column":null}},"line":85},"8":{"name":"searchCourse","decl":{"start":{"line":89,"column":2},"end":{"line":89,"column":14}},"loc":{"start":{"line":89,"column":14},"end":{"line":98,"column":null}},"line":89},"9":{"name":"trackByCourseId","decl":{"start":{"line":100,"column":2},"end":{"line":100,"column":18}},"loc":{"start":{"line":100,"column":47},"end":{"line":102,"column":null}},"line":100},"10":{"name":"template","decl":{"start":{"line":25,"column":32},"end":{"line":25,"column":null}},"loc":{"start":{"line":25,"column":32},"end":{"line":18,"column":16}},"line":25}},"branchMap":{"0":{"loc":{"start":{"line":53,"column":22},"end":{"line":53,"column":null}},"type":"binary-expr","locations":[{"start":{"line":53,"column":22},"end":{"line":53,"column":73}},{"start":{"line":53,"column":73},"end":{"line":53,"column":null}}],"line":53},"1":{"loc":{"start":{"line":25,"column":13},"end":{"line":25,"column":32}},"type":"binary-expr","locations":[{"start":{"line":25,"column":13},"end":{"line":25,"column":32}},{"start":{"line":25,"column":13},"end":{"line":25,"column":32}}],"line":25},"2":{"loc":{"start":{"line":25,"column":32},"end":{"line":61,"column":null}},"type":"if","locations":[{"start":{"line":25,"column":32},"end":{"line":61,"column":null}},{"start":{},"end":{}}],"line":25},"3":{"loc":{"start":{"line":25,"column":13},"end":{"line":21,"column":null}},"type":"binary-expr","locations":[{"start":{"line":25,"column":13},"end":{"line":25,"column":32}},{"start":{"line":25,"column":13},"end":{"line":25,"column":32}},{"start":{"line":25,"column":13},"end":{"line":21,"column":null}}],"line":25},"4":{"loc":{"start":{"line":25,"column":13},"end":{"line":25,"column":null}},"type":"binary-expr","locations":[{"start":{"line":25,"column":13},"end":{"line":25,"column":32}},{"start":{"line":25,"column":13},"end":{"line":25,"column":32}},{"start":{"line":25,"column":13},"end":{"line":25,"column":null}}],"line":25}},"s":{"0":2,"1":4,"2":4,"3":4,"4":2,"5":4,"6":4,"7":4,"8":4,"9":4,"10":4,"11":4,"12":4,"13":4,"14":0,"15":0,"16":0,"17":0,"18":0,"19":0,"20":0,"21":0,"22":0,"23":8,"24":2,"25":16,"26":2},"f":{"0":4,"1":4,"2":0,"3":0,"4":0,"5":0,"6":0,"7":0,"8":0,"9":8,"10":2},"b":{"0":[4,4],"1":[4,4],"2":[4,12],"3":[2,2,2],"4":[2,2,2]},"meta":{"lastBranch":5,"lastFunction":11,"lastStatement":27,"seen":{"s:25:6:19:Infinity":0,"s:31:21:31:Infinity":1,"s:32:15:32:Infinity":2,"s:34:34:38:Infinity":3,"s:25:13:19:Infinity":4,"f:41:2:41:Infinity":0,"s:42:12:42:Infinity":5,"s:43:12:43:Infinity":6,"s:44:12:44:Infinity":7,"s:45:12:45:24":8,"s:47:4:47:Infinity":9,"s:48:4:48:Infinity":10,"s:49:4:49:Infinity":11,"f:52:2:52:10":1,"s:53:4:53:Infinity":12,"b:53:22:53:73:53:73:53:Infinity":0,"s:54:4:54:Infinity":13,"f:57:2:57:11":2,"s:58:4:69:Infinity":14,"f:60:17:60:22":3,"s:61:8:61:Infinity":15,"s:63:8:67:Infinity":16,"f:72:2:72:9":4,"s:73:4:77:Infinity":17,"f:75:17:75:22":5,"s:76:8:76:Infinity":18,"f:80:2:80:11":6,"s:81:4:81:Infinity":19,"s:82:4:82:Infinity":20,"f:85:2:85:13":7,"s:86:4:86:Infinity":21,"f:89:2:89:14":8,"s:90:4:96:Infinity":22,"f:100:2:100:18":9,"s:101:4:101:Infinity":23,"s:25:13:25:Infinity":24,"b:25:13:25:32:25:13:25:32":1,"f:25:32:25:Infinity":10,"b:25:32:61:Infinity:undefined:undefined:undefined:undefined":2,"s:25:32:61:Infinity":25,"s:25:13:21:Infinity":26,"b:25:13:25:32:25:13:25:32:25:13:21:Infinity":3,"b:25:13:25:32:25:13:25:32:25:13:25:Infinity":4},"fnNames":{}}}
,"/Users/dhineshkumar/Documents/Angular_HandsOn/student-course-portal/src/app/pages/courses-layout/courses-layout.html": {"path":"/Users/dhineshkumar/Documents/Angular_HandsOn/student-course-portal/src/app/pages/courses-layout/courses-layout.html","statementMap":{"0":{"start":{"line":1,"column":0},"end":{"line":1,"column":4}},"1":{"start":{"line":1,"column":4},"end":{"line":1,"column":11}},"2":{"start":{"line":1,"column":11},"end":{"line":1,"column":null}},"3":{"start":{"line":3,"column":0},"end":{"line":3,"column":null}}},"fnMap":{},"branchMap":{},"s":{"0":1,"1":1,"2":1,"3":1},"f":{},"b":{},"meta":{"lastBranch":0,"lastFunction":0,"lastStatement":4,"seen":{"s:1:0:1:4":0,"s:1:4:1:11":1,"s:1:11:1:Infinity":2,"s:3:0:3:Infinity":3},"fnNames":{}}}
,"/Users/dhineshkumar/Documents/Angular_HandsOn/student-course-portal/src/app/pages/courses-layout/courses-layout.ts": {"path":"/Users/dhineshkumar/Documents/Angular_HandsOn/student-course-portal/src/app/pages/courses-layout/courses-layout.ts","statementMap":{"0":{"start":{"line":11,"column":6},"end":{"line":7,"column":25}},"1":{"start":{"line":11,"column":13},"end":{"line":7,"column":25}},"2":{"start":{"line":11,"column":13},"end":{"line":11,"column":null}},"3":{"start":{"line":11,"column":35},"end":{"line":3,"column":null}},"4":{"start":{"line":11,"column":13},"end":{"line":7,"column":null}}},"fnMap":{"0":{"name":"template","decl":{"start":{"line":11,"column":35},"end":{"line":11,"column":null}},"loc":{"start":{"line":11,"column":35},"end":{"line":7,"column":24}},"line":11}},"branchMap":{"0":{"loc":{"start":{"line":11,"column":13},"end":{"line":11,"column":35}},"type":"binary-expr","locations":[{"start":{"line":11,"column":13},"end":{"line":11,"column":35}},{"start":{"line":11,"column":13},"end":{"line":11,"column":35}}],"line":11},"1":{"loc":{"start":{"line":11,"column":35},"end":{"line":3,"column":null}},"type":"if","locations":[{"start":{"line":11,"column":35},"end":{"line":3,"column":null}},{"start":{},"end":{}}],"line":11},"2":{"loc":{"start":{"line":11,"column":13},"end":{"line":7,"column":null}},"type":"binary-expr","locations":[{"start":{"line":11,"column":13},"end":{"line":11,"column":35}},{"start":{"line":11,"column":13},"end":{"line":11,"column":35}},{"start":{"line":11,"column":13},"end":{"line":7,"column":null}}],"line":11},"3":{"loc":{"start":{"line":11,"column":13},"end":{"line":11,"column":null}},"type":"binary-expr","locations":[{"start":{"line":11,"column":13},"end":{"line":11,"column":35}},{"start":{"line":11,"column":13},"end":{"line":11,"column":35}},{"start":{"line":11,"column":13},"end":{"line":11,"column":null}}],"line":11}},"s":{"0":1,"1":1,"2":1,"3":3,"4":1},"f":{"0":1},"b":{"0":[1,1],"1":[1,2],"2":[1,1,1],"3":[1,1,1]},"meta":{"lastBranch":4,"lastFunction":1,"lastStatement":5,"seen":{"s:11:6:7:25":0,"s:11:13:7:25":1,"s:11:13:11:Infinity":2,"b:11:13:11:35:11:13:11:35":0,"f:11:35:11:Infinity":0,"b:11:35:3:Infinity:undefined:undefined:undefined:undefined":1,"s:11:35:3:Infinity":3,"s:11:13:7:Infinity":4,"b:11:13:11:35:11:13:11:35:11:13:7:Infinity":2,"b:11:13:11:35:11:13:11:35:11:13:11:Infinity":3},"fnNames":{}}}
,"/Users/dhineshkumar/Documents/Angular_HandsOn/student-course-portal/src/app/pages/enrollment-form/enrollment-form.html": {"path":"/Users/dhineshkumar/Documents/Angular_HandsOn/student-course-portal/src/app/pages/enrollment-form/enrollment-form.html","statementMap":{"0":{"start":{"line":11,"column":8},"end":{"line":11,"column":15}},"1":{"start":{"line":13,"column":12},"end":{"line":13,"column":null}},"2":{"start":{"line":15,"column":8},"end":{"line":15,"column":null}},"3":{"start":{"line":17,"column":8},"end":{"line":17,"column":15}},"4":{"start":{"line":19,"column":12},"end":{"line":19,"column":null}},"5":{"start":{"line":21,"column":8},"end":{"line":21,"column":null}},"6":{"start":{"line":9,"column":4},"end":{"line":9,"column":10}},"7":{"start":{"line":11,"column":8},"end":{"line":11,"column":null}},"8":{"start":{"line":23,"column":4},"end":{"line":23,"column":null}},"9":{"start":{"line":11,"column":15},"end":{"line":11,"column":52}},"10":{"start":{"line":17,"column":15},"end":{"line":17,"column":null}},"11":{"start":{"line":33,"column":8},"end":{"line":33,"column":15}},"12":{"start":{"line":35,"column":12},"end":{"line":35,"column":null}},"13":{"start":{"line":37,"column":8},"end":{"line":37,"column":null}},"14":{"start":{"line":39,"column":8},"end":{"line":39,"column":15}},"15":{"start":{"line":41,"column":12},"end":{"line":41,"column":null}},"16":{"start":{"line":43,"column":8},"end":{"line":43,"column":null}},"17":{"start":{"line":31,"column":4},"end":{"line":31,"column":10}},"18":{"start":{"line":33,"column":8},"end":{"line":33,"column":null}},"19":{"start":{"line":45,"column":4},"end":{"line":45,"column":null}},"20":{"start":{"line":33,"column":15},"end":{"line":33,"column":53}},"21":{"start":{"line":39,"column":15},"end":{"line":39,"column":null}},"22":{"start":{"line":55,"column":8},"end":{"line":55,"column":15}},"23":{"start":{"line":57,"column":12},"end":{"line":57,"column":null}},"24":{"start":{"line":59,"column":8},"end":{"line":59,"column":null}},"25":{"start":{"line":53,"column":4},"end":{"line":53,"column":10}},"26":{"start":{"line":61,"column":4},"end":{"line":61,"column":null}},"27":{"start":{"line":55,"column":15},"end":{"line":55,"column":null}},"28":{"start":{"line":87,"column":8},"end":{"line":87,"column":15}},"29":{"start":{"line":89,"column":12},"end":{"line":89,"column":null}},"30":{"start":{"line":91,"column":8},"end":{"line":91,"column":null}},"31":{"start":{"line":85,"column":4},"end":{"line":85,"column":10}},"32":{"start":{"line":93,"column":4},"end":{"line":93,"column":null}},"33":{"start":{"line":87,"column":15},"end":{"line":87,"column":null}},"34":{"start":{"line":111,"column":0},"end":{"line":111,"column":null}},"35":{"start":{"line":115,"column":8},"end":{"line":115,"column":null}},"36":{"start":{"line":117,"column":4},"end":{"line":117,"column":null}},"37":{"start":{"line":1,"column":0},"end":{"line":1,"column":4}},"38":{"start":{"line":1,"column":4},"end":{"line":1,"column":27}},"39":{"start":{"line":1,"column":27},"end":{"line":1,"column":null}},"40":{"start":{"line":3,"column":0},"end":{"line":3,"column":27}},"41":{"start":{"line":3,"column":27},"end":{"line":3,"column":null}},"42":{"start":{"line":3,"column":27},"end":{"line":3,"column":39}},"43":{"start":{"line":5,"column":4},"end":{"line":5,"column":11}},"44":{"start":{"line":5,"column":11},"end":{"line":5,"column":23}},"45":{"start":{"line":5,"column":23},"end":{"line":5,"column":null}},"46":{"start":{"line":7,"column":4},"end":{"line":7,"column":42}},"47":{"start":{"line":7,"column":42},"end":{"line":7,"column":null}},"48":{"start":{"line":25,"column":4},"end":{"line":25,"column":null}},"49":{"start":{"line":27,"column":4},"end":{"line":27,"column":11}},"50":{"start":{"line":27,"column":11},"end":{"line":27,"column":16}},"51":{"start":{"line":27,"column":16},"end":{"line":27,"column":null}},"52":{"start":{"line":29,"column":4},"end":{"line":29,"column":44}},"53":{"start":{"line":29,"column":44},"end":{"line":29,"column":null}},"54":{"start":{"line":47,"column":4},"end":{"line":47,"column":null}},"55":{"start":{"line":49,"column":4},"end":{"line":49,"column":11}},"56":{"start":{"line":49,"column":11},"end":{"line":49,"column":20}},"57":{"start":{"line":49,"column":20},"end":{"line":49,"column":null}},"58":{"start":{"line":51,"column":4},"end":{"line":51,"column":41}},"59":{"start":{"line":51,"column":41},"end":{"line":51,"column":null}},"60":{"start":{"line":63,"column":4},"end":{"line":63,"column":null}},"61":{"start":{"line":65,"column":4},"end":{"line":65,"column":11}},"62":{"start":{"line":65,"column":11},"end":{"line":65,"column":29}},"63":{"start":{"line":65,"column":29},"end":{"line":65,"column":null}},"64":{"start":{"line":67,"column":4},"end":{"line":67,"column":37}},"65":{"start":{"line":67,"column":37},"end":{"line":67,"column":null}},"66":{"start":{"line":69,"column":8},"end":{"line":69,"column":25}},"67":{"start":{"line":69,"column":25},"end":{"line":69,"column":31}},"68":{"start":{"line":69,"column":31},"end":{"line":69,"column":null}},"69":{"start":{"line":70,"column":8},"end":{"line":70,"column":28}},"70":{"start":{"line":70,"column":28},"end":{"line":70,"column":31}},"71":{"start":{"line":70,"column":31},"end":{"line":70,"column":null}},"72":{"start":{"line":71,"column":8},"end":{"line":71,"column":29}},"73":{"start":{"line":71,"column":29},"end":{"line":71,"column":33}},"74":{"start":{"line":71,"column":33},"end":{"line":71,"column":null}},"75":{"start":{"line":75,"column":4},"end":{"line":75,"column":null}},"76":{"start":{"line":77,"column":4},"end":{"line":77,"column":null}},"77":{"start":{"line":79,"column":51},"end":{"line":79,"column":null}},"78":{"start":{"line":79,"column":8},"end":{"line":79,"column":51}},"79":{"start":{"line":81,"column":8},"end":{"line":81,"column":null}},"80":{"start":{"line":83,"column":4},"end":{"line":83,"column":null}},"81":{"start":{"line":95,"column":4},"end":{"line":95,"column":null}},"82":{"start":{"line":97,"column":4},"end":{"line":97,"column":26}},"83":{"start":{"line":99,"column":8},"end":{"line":99,"column":null}},"84":{"start":{"line":101,"column":4},"end":{"line":101,"column":null}},"85":{"start":{"line":103,"column":4},"end":{"line":103,"column":26}},"86":{"start":{"line":103,"column":26},"end":{"line":103,"column":null}},"87":{"start":{"line":103,"column":26},"end":{"line":103,"column":35}},"88":{"start":{"line":105,"column":8},"end":{"line":105,"column":null}},"89":{"start":{"line":107,"column":4},"end":{"line":107,"column":null}},"90":{"start":{"line":111,"column":0},"end":{"line":111,"column":6}},"91":{"start":{"line":9,"column":10},"end":{"line":9,"column":null}},"92":{"start":{"line":31,"column":10},"end":{"line":31,"column":null}},"93":{"start":{"line":53,"column":10},"end":{"line":53,"column":null}},"94":{"start":{"line":85,"column":10},"end":{"line":85,"column":null}},"95":{"start":{"line":97,"column":26},"end":{"line":97,"column":null}},"96":{"start":{"line":111,"column":6},"end":{"line":111,"column":23}}},"fnMap":{"0":{"name":"EnrollmentForm_Template_form_ngSubmit_2_listener","decl":{"start":{"line":3,"column":27},"end":{"line":3,"column":39}},"loc":{"start":{"line":3,"column":27},"end":{"line":3,"column":null}},"line":3},"1":{"name":"EnrollmentForm_Template_input_ngModelChange_6_listener","decl":{"start":{"line":7,"column":42},"end":{"line":7,"column":null}},"loc":{"start":{"line":7,"column":42},"end":{"line":7,"column":null}},"line":7},"2":{"name":"EnrollmentForm_Template_input_ngModelChange_12_listener","decl":{"start":{"line":29,"column":44},"end":{"line":29,"column":null}},"loc":{"start":{"line":29,"column":44},"end":{"line":29,"column":null}},"line":29},"3":{"name":"EnrollmentForm_Template_input_ngModelChange_18_listener","decl":{"start":{"line":51,"column":41},"end":{"line":51,"column":null}},"loc":{"start":{"line":51,"column":41},"end":{"line":51,"column":null}},"line":51},"4":{"name":"EnrollmentForm_Template_select_ngModelChange_24_listener","decl":{"start":{"line":67,"column":37},"end":{"line":67,"column":null}},"loc":{"start":{"line":67,"column":37},"end":{"line":67,"column":null}},"line":67},"5":{"name":"EnrollmentForm_Template_input_ngModelChange_34_listener","decl":{"start":{"line":79,"column":51},"end":{"line":79,"column":null}},"loc":{"start":{"line":79,"column":51},"end":{"line":79,"column":null}},"line":79},"6":{"name":"EnrollmentForm_Template_button_click_42_listener","decl":{"start":{"line":103,"column":26},"end":{"line":103,"column":35}},"loc":{"start":{"line":103,"column":26},"end":{"line":103,"column":null}},"line":103}},"branchMap":{"0":{"loc":{"start":{"line":11,"column":15},"end":{"line":11,"column":52}},"type":"cond-expr","locations":[{"start":{"line":11,"column":15},"end":{"line":11,"column":52}},{"start":{"line":11,"column":15},"end":{"line":11,"column":52}}],"line":11},"1":{"loc":{"start":{"line":17,"column":15},"end":{"line":17,"column":null}},"type":"cond-expr","locations":[{"start":{"line":17,"column":15},"end":{"line":17,"column":null}},{"start":{"line":17,"column":15},"end":{"line":17,"column":null}}],"line":17},"2":{"loc":{"start":{"line":33,"column":15},"end":{"line":33,"column":53}},"type":"cond-expr","locations":[{"start":{"line":33,"column":15},"end":{"line":33,"column":53}},{"start":{"line":33,"column":15},"end":{"line":33,"column":53}}],"line":33},"3":{"loc":{"start":{"line":39,"column":15},"end":{"line":39,"column":null}},"type":"cond-expr","locations":[{"start":{"line":39,"column":15},"end":{"line":39,"column":null}},{"start":{"line":39,"column":15},"end":{"line":39,"column":null}}],"line":39},"4":{"loc":{"start":{"line":55,"column":15},"end":{"line":55,"column":null}},"type":"cond-expr","locations":[{"start":{"line":55,"column":15},"end":{"line":55,"column":null}},{"start":{"line":55,"column":15},"end":{"line":55,"column":null}}],"line":55},"5":{"loc":{"start":{"line":87,"column":15},"end":{"line":87,"column":null}},"type":"cond-expr","locations":[{"start":{"line":87,"column":15},"end":{"line":87,"column":null}},{"start":{"line":87,"column":15},"end":{"line":87,"column":null}}],"line":87},"6":{"loc":{"start":{"line":7,"column":42},"end":{"line":7,"column":null}},"type":"binary-expr","locations":[{"start":{"line":7,"column":42},"end":{"line":7,"column":null}},{"start":{"line":7,"column":42},"end":{"line":7,"column":null}}],"line":7},"7":{"loc":{"start":{"line":29,"column":44},"end":{"line":29,"column":null}},"type":"binary-expr","locations":[{"start":{"line":29,"column":44},"end":{"line":29,"column":null}},{"start":{"line":29,"column":44},"end":{"line":29,"column":null}}],"line":29},"8":{"loc":{"start":{"line":51,"column":41},"end":{"line":51,"column":null}},"type":"binary-expr","locations":[{"start":{"line":51,"column":41},"end":{"line":51,"column":null}},{"start":{"line":51,"column":41},"end":{"line":51,"column":null}}],"line":51},"9":{"loc":{"start":{"line":67,"column":37},"end":{"line":67,"column":null}},"type":"binary-expr","locations":[{"start":{"line":67,"column":37},"end":{"line":67,"column":null}},{"start":{"line":67,"column":37},"end":{"line":67,"column":null}}],"line":67},"10":{"loc":{"start":{"line":79,"column":51},"end":{"line":79,"column":null}},"type":"binary-expr","locations":[{"start":{"line":79,"column":51},"end":{"line":79,"column":null}},{"start":{"line":79,"column":51},"end":{"line":79,"column":null}}],"line":79}},"s":{"0":0,"1":0,"2":0,"3":0,"4":0,"5":0,"6":1,"7":0,"8":0,"9":0,"10":0,"11":0,"12":0,"13":0,"14":0,"15":0,"16":0,"17":1,"18":0,"19":0,"20":0,"21":0,"22":0,"23":0,"24":0,"25":1,"26":0,"27":0,"28":0,"29":0,"30":0,"31":1,"32":0,"33":0,"34":0,"35":0,"36":0,"37":1,"38":1,"39":1,"40":1,"41":0,"42":0,"43":1,"44":1,"45":1,"46":1,"47":5,"48":1,"49":1,"50":1,"51":1,"52":1,"53":5,"54":1,"55":1,"56":1,"57":1,"58":1,"59":5,"60":1,"61":1,"62":1,"63":1,"64":1,"65":5,"66":1,"67":1,"68":1,"69":1,"70":1,"71":1,"72":1,"73":1,"74":1,"75":1,"76":1,"77":5,"78":1,"79":1,"80":1,"81":1,"82":1,"83":1,"84":1,"85":1,"86":0,"87":0,"88":1,"89":1,"90":1,"91":5,"92":5,"93":5,"94":5,"95":5,"96":5},"f":{"0":0,"1":0,"2":0,"3":0,"4":0,"5":0,"6":0},"b":{"0":[0,0],"1":[0,0],"2":[0,0],"3":[0,0],"4":[0,0],"5":[0,0],"6":[0,0],"7":[0,0],"8":[0,0],"9":[0,0],"10":[0,0]},"meta":{"lastBranch":11,"lastFunction":7,"lastStatement":97,"seen":{"s:11:8:11:15":0,"s:13:12:13:Infinity":1,"s:15:8:15:Infinity":2,"s:17:8:17:15":3,"s:19:12:19:Infinity":4,"s:21:8:21:Infinity":5,"s:9:4:9:10":6,"s:11:8:11:Infinity":7,"s:23:4:23:Infinity":8,"s:11:15:11:52":9,"b:11:15:11:52:11:15:11:52":0,"s:17:15:17:Infinity":10,"b:17:15:17:Infinity:17:15:17:Infinity":1,"s:33:8:33:15":11,"s:35:12:35:Infinity":12,"s:37:8:37:Infinity":13,"s:39:8:39:15":14,"s:41:12:41:Infinity":15,"s:43:8:43:Infinity":16,"s:31:4:31:10":17,"s:33:8:33:Infinity":18,"s:45:4:45:Infinity":19,"s:33:15:33:53":20,"b:33:15:33:53:33:15:33:53":2,"s:39:15:39:Infinity":21,"b:39:15:39:Infinity:39:15:39:Infinity":3,"s:55:8:55:15":22,"s:57:12:57:Infinity":23,"s:59:8:59:Infinity":24,"s:53:4:53:10":25,"s:61:4:61:Infinity":26,"s:55:15:55:Infinity":27,"b:55:15:55:Infinity:55:15:55:Infinity":4,"s:87:8:87:15":28,"s:89:12:89:Infinity":29,"s:91:8:91:Infinity":30,"s:85:4:85:10":31,"s:93:4:93:Infinity":32,"s:87:15:87:Infinity":33,"b:87:15:87:Infinity:87:15:87:Infinity":5,"s:111:0:111:Infinity":34,"s:115:8:115:Infinity":35,"s:117:4:117:Infinity":36,"s:1:0:1:4":37,"s:1:4:1:27":38,"s:1:27:1:Infinity":39,"s:3:0:3:27":40,"s:3:27:3:Infinity":41,"f:3:27:3:39":0,"s:3:27:3:39":
[...]
,"/Users/dhineshkumar/Documents/Angular_HandsOn/student-course-portal/src/app/services/course.service.ts": {"path":"/Users/dhineshkumar/Documents/Angular_HandsOn/student-course-portal/src/app/services/course.service.ts","statementMap":{"0":{"start":{"line":12,"column":6},"end":{"line":10,"column":null}},"1":{"start":{"line":14,"column":16},"end":{"line":14,"column":null}},"2":{"start":{"line":12,"column":13},"end":{"line":10,"column":null}},"3":{"start":{"line":16,"column":22},"end":{"line":16,"column":38}},"4":{"start":{"line":20,"column":4},"end":{"line":45,"column":null}},"5":{"start":{"line":23,"column":8},"end":{"line":23,"column":52}},"6":{"start":{"line":23,"column":33},"end":{"line":23,"column":51}},"7":{"start":{"line":27,"column":8},"end":{"line":29,"column":null}},"8":{"start":{"line":37,"column":8},"end":{"line":37,"column":null}},"9":{"start":{"line":39,"column":8},"end":{"line":42,"column":null}},"10":{"start":{"line":40,"column":10},"end":{"line":41,"column":null}},"11":{"start":{"line":53,"column":4},"end":{"line":67,"column":null}},"12":{"start":{"line":61,"column":8},"end":{"line":61,"column":null}},"13":{"start":{"line":63,"column":8},"end":{"line":64,"column":null}},"14":{"start":{"line":64,"column":10},"end":{"line":64,"column":40}},"15":{"start":{"line":75,"column":4},"end":{"line":75,"column":null}},"16":{"start":{"line":81,"column":4},"end":{"line":83,"column":null}},"17":{"start":{"line":90,"column":4},"end":{"line":91,"column":null}},"18":{"start":{"line":12,"column":13},"end":{"line":12,"column":null}},"19":{"start":{"line":12,"column":13},"end":{"line":11,"column":null}}},"fnMap":{"0":{"name":"constructor","decl":{"start":{"line":16,"column":2},"end":{"line":16,"column":22}},"loc":{"start":{"line":16,"column":38},"end":{"line":16,"column":null}},"line":16},"1":{"name":"getCourses","decl":{"start":{"line":18,"column":2},"end":{"line":18,"column":12}},"loc":{"start":{"line":18,"column":12},"end":{"line":49,"column":null}},"line":18},"2":{"name":"(anonymous_2)","decl":{"start":{"line":22,"column":10},"end":{"line":22,"column":null}},"loc":{"start":{"line":23,"column":8},"end":{"line":23,"column":52}},"line":23},"3":{"name":"(anonymous_3)","decl":{"start":{"line":23,"column":23},"end":{"line":23,"column":33}},"loc":{"start":{"line":23,"column":33},"end":{"line":23,"column":51}},"line":23},"4":{"name":"(anonymous_4)","decl":{"start":{"line":26,"column":10},"end":{"line":26,"column":null}},"loc":{"start":{"line":27,"column":8},"end":{"line":29,"column":null}},"line":27},"5":{"name":"(anonymous_5)","decl":{"start":{"line":35,"column":17},"end":{"line":35,"column":23}},"loc":{"start":{"line":35,"column":23},"end":{"line":45,"column":7}},"line":35},"6":{"name":"(anonymous_6)","decl":{"start":{"line":39,"column":26},"end":{"line":39,"column":null}},"loc":{"start":{"line":40,"column":10},"end":{"line":41,"column":null}},"line":40},"7":{"name":"getCourseById","decl":{"start":{"line":51,"column":2},"end":{"line":51,"column":16}},"loc":{"start":{"line":51,"column":26},"end":{"line":71,"column":null}},"line":51},"8":{"name":"(anonymous_8)","decl":{"start":{"line":59,"column":17},"end":{"line":59,"column":23}},"loc":{"start":{"line":59,"column":23},"end":{"line":67,"column":7}},"line":59},"9":{"name":"(anonymous_9)","decl":{"start":{"line":63,"column":26},"end":{"line":63,"column":null}},"loc":{"start":{"line":64,"column":10},"end":{"line":64,"column":40}},"line":64},"10":{"name":"createCourse","decl":{"start":{"line":73,"column":2},"end":{"line":73,"column":15}},"loc":{"start":{"line":73,"column":41},"end":{"line":77,"column":null}},"line":73},"11":{"name":"updateCourse","decl":{"start":{"line":79,"column":2},"end":{"line":79,"column":15}},"loc":{"start":{"line":79,"column":29},"end":{"line":86,"column":null}},"line":79},"12":{"name":"deleteCourse","decl":{"start":{"line":88,"column":2},"end":{"line":88,"column":15}},"loc":{"start":{"line":88,"column":25},"end":{"line":94,"column":null}},"line":88}},"branchMap":{"0":{"loc":{"start":{"line":12,"column":13},"end":{"line":12,"column":26}},"type":"binary-expr","locations":[{"start":{"line":12,"column":13},"end":{"line":12,"column":26}},{"start":{"line":12,"column":13},"end":{"line":12,"column":26}}],"line":12},"1":{"loc":{"start":{"line":12,"column":13},"end":{"line":11,"column":null}},"type":"binary-expr","locations":[{"start":{"line":12,"column":13},"end":{"line":12,"column":26}},{"start":{"line":12,"column":13},"end":{"line":12,"column":26}},{"start":{"line":12,"column":13},"end":{"line":11,"column":null}}],"line":12}},"s":{"0":5,"1":11,"2":5,"3":11,"4":6,"5":1,"6":2,"7":1,"8":5,"9":5,"10":5,"11":1,"12":1,"13":1,"14":1,"15":0,"16":0,"17":0,"18":11,"19":5},"f":{"0":11,"1":6,"2":1,"3":2,"4":1,"5":5,"6":5,"7":1,"8":1,"9":1,"10":0,"11":0,"12":0},"b":{"0":[11,11],"1":[5,5,5]},"meta":{"lastBranch":2,"lastFunction":13,"lastStatement":20,"seen":{"s:12:6:10:Infinity":0,"s:14:16:14:Infinity":1,"s:12:13:10:Infinity":2,"f:16:2:16:22":0,"s:16:22:16:38":3,"f:18:2:18:12":1,"s:20:4:45:Infinity":4,"f:22:10:22:Infinity":2,"s:23:8:23:52":5,"f:23:23:23:33":3,"s:23:33:23:51":6,"f:26:10:26:Infinity":4,"s:27:8:29:Infinity":7,"f:35:17:35:23":5,"s:37:8:37:Infinity":8,"s:39:8:42:Infinity":9,"f:39:26:39:Infinity":6,"s:40:10:41:Infinity":10,"f:51:2:51:16":7,"s:53:4:67:Infinity":11,"f:59:17:59:23":8,"s:61:8:61:Infinity":12,"s:63:8:64:Infinity":13,"f:63:26:63:Infinity":9,"s:64:10:64:40":14,"f:73:2:73:15":10,"s:75:4:75:Infinity":15,"f:79:2:79:15":11,"s:81:4:83:Infinity":16,"f:88:2:88:15":12,"s:90:4:91:Infinity":17,"s:12:13:12:Infinity":18,"b:12:13:12:26:12:13:12:26":0,"s:12:13:11:Infinity":19,"b:12:13:12:26:12:13:12:26:12:13:11:Infinity":1},"fnNames":{}}}
,"/Users/dhineshkumar/Documents/Angular_HandsOn/student-course-portal/src/app/services/enrollment.service.ts": {"path":"/Users/dhineshkumar/Documents/Angular_HandsOn/student-course-portal/src/app/services/enrollment.service.ts","statementMap":{"0":{"start":{"line":11,"column":6},"end":{"line":9,"column":null}},"1":{"start":{"line":13,"column":40},"end":{"line":13,"column":null}},"2":{"start":{"line":14,"column":33},"end":{"line":14,"column":null}},"3":{"start":{"line":11,"column":13},"end":{"line":9,"column":null}},"4":{"start":{"line":17,"column":12},"end":{"line":17,"column":null}},"5":{"start":{"line":18,"column":12},"end":{"line":18,"column":40}},"6":{"start":{"line":20,"column":4},"end":{"line":20,"column":null}},"7":{"start":{"line":24,"column":4},"end":{"line":31,"column":null}},"8":{"start":{"line":26,"column":8},"end":{"line":26,"column":null}},"9":{"start":{"line":29,"column":8},"end":{"line":29,"column":null}},"10":{"start":{"line":36,"column":4},"end":{"line":38,"column":null}},"11":{"start":{"line":46,"column":22},"end":{"line":46,"column":null}},"12":{"start":{"line":47,"column":4},"end":{"line":49,"column":null}},"13":{"start":{"line":48,"column":6},"end":{"line":48,"column":null}},"14":{"start":{"line":55,"column":22},"end":{"line":55,"column":null}},"15":{"start":{"line":56,"column":4},"end":{"line":57,"column":null}},"16":{"start":{"line":57,"column":42},"end":{"line":57,"column":58}},"17":{"start":{"line":63,"column":4},"end":{"line":63,"column":null}},"18":{"start":{"line":69,"column":4},"end":{"line":71,"column":null}},"19":{"start":{"line":70,"column":17},"end":{"line":70,"column":71}},"20":{"start":{"line":70,"column":43},"end":{"line":70,"column":70}},"21":{"start":{"line":71,"column":44},"end":{"line":71,"column":64}},"22":{"start":{"line":11,"column":13},"end":{"line":11,"column":null}},"23":{"start":{"line":11,"column":13},"end":{"line":10,"column":null}}},"fnMap":{"0":{"name":"constructor","decl":{"start":{"line":16,"column":2},"end":{"line":16,"column":null}},"loc":{"start":{"line":18,"column":40},"end":{"line":21,"column":null}},"line":18},"1":{"name":"loadCourses","decl":{"start":{"line":23,"column":10},"end":{"line":23,"column":21}},"loc":{"start":{"line":23,"column":21},"end":{"line":32,"column":null}},"line":23},"2":{"name":"(anonymous_2)","decl":{"start":{"line":25,"column":12},"end":{"line":25,"column":13}},"loc":{"start":{"line":25,"column":24},"end":{"line":27,"column":null}},"line":25},"3":{"name":"(anonymous_3)","decl":{"start":{"line":28,"column":13},"end":{"line":28,"column":14}},"loc":{"start":{"line":28,"column":21},"end":{"line":30,"column":null}},"line":28},"4":{"name":"getStudentsByCourse","decl":{"start":{"line":34,"column":2},"end":{"line":34,"column":22}},"loc":{"start":{"line":34,"column":38},"end":{"line":42,"column":null}},"line":34},"5":{"name":"enroll","decl":{"start":{"line":44,"column":2},"end":{"line":44,"column":9}},"loc":{"start":{"line":44,"column":25},"end":{"line":51,"column":null}},"line":44},"6":{"name":"unenroll","decl":{"start":{"line":53,"column":2},"end":{"line":53,"column":11}},"loc":{"start":{"line":53,"column":27},"end":{"line":59,"column":null}},"line":53},"7":{"name":"(anonymous_7)","decl":{"start":{"line":57,"column":36},"end":{"line":57,"column":42}},"loc":{"start":{"line":57,"column":42},"end":{"line":57,"column":58}},"line":57},"8":{"name":"isEnrolled","decl":{"start":{"line":61,"column":2},"end":{"line":61,"column":13}},"loc":{"start":{"line":61,"column":29},"end":{"line":65,"column":null}},"line":61},"9":{"name":"getEnrolledCourses","decl":{"start":{"line":67,"column":2},"end":{"line":67,"column":20}},"loc":{"start":{"line":67,"column":20},"end":{"line":73,"column":null}},"line":67},"10":{"name":"(anonymous_10)","decl":{"start":{"line":70,"column":11},"end":{"line":70,"column":17}},"loc":{"start":{"line":70,"column":17},"end":{"line":70,"column":71}},"line":70},"11":{"name":"(anonymous_11)","decl":{"start":{"line":70,"column":38},"end":{"line":70,"column":43}},"loc":{"start":{"line":70,"column":43},"end":{"line":70,"column":70}},"line":70},"12":{"name":"(anonymous_12)","decl":{"start":{"line":71,"column":14},"end":{"line":71,"column":15}},"loc":{"start":{"line":71,"column":44},"end":{"line":71,"column":64}},"line":71}},"branchMap":{"0":{"loc":{"start":{"line":47,"column":4},"end":{"line":49,"column":null}},"type":"if","locations":[{"start":{"line":47,"column":4},"end":{"line":49,"column":null}},{"start":{},"end":{}}],"line":47},"1":{"loc":{"start":{"line":11,"column":13},"end":{"line":11,"column":30}},"type":"binary-expr","locations":[{"start":{"line":11,"column":13},"end":{"line":11,"column":30}},{"start":{"line":11,"column":13},"end":{"line":11,"column":30}}],"line":11},"2":{"loc":{"start":{"line":11,"column":13},"end":{"line":10,"column":null}},"type":"binary-expr","locations":[{"start":{"line":11,"column":13},"end":{"line":11,"column":30}},{"start":{"line":11,"column":13},"end":{"line":11,"column":30}},{"start":{"line":11,"column":13},"end":{"line":10,"column":null}}],"line":11}},"s":{"0":1,"1":1,"2":1,"3":1,"4":1,"5":1,"6":1,"7":1,"8":0,"9":1,"10":1,"11":0,"12":0,"13":0,"14":0,"15":0,"16":0,"17":0,"18":0,"19":0,"20":0,"21":0,"22":1,"23":1},"f":{"0":1,"1":1,"2":0,"3":1,"4":1,"5":0,"6":0,"7":0,"8":0,"9":0,"10":0,"11":0,"12":0},"b":{"0":[0,0],"1":[1,1],"2":[1,1,1]},"meta":{"lastBranch":3,"lastFunction":13,"lastStatement":24,"seen":{"s:11:6:9:Infinity":0,"s:13:40:13:Infinity":1,"s:14:33:14:Infinity":2,"s:11:13:9:Infinity":3,"f:16:2:16:Infinity":0,"s:17:12:17:Infinity":4,"s:18:12:18:40":5,"s:20:4:20:Infinity":6,"f:23:10:23:21":1,"s:24:4:31:Infinity":7,"f:25:12:25:13":2,"s:26:8:26:Infinity":8,"f:28:13:28:14":3,"s:29:8:29:Infinity":9,"f:34:2:34:22":4,"s:36:4:38:Infinity":10,"f:44:2:44:9":5,"s:46:22:46:Infinity":11,"b:47:4:49:Infinity:undefined:undefined:undefined:undefined":0,"s:47:4:49:Infinity":12,"s:48:6:48:Infinity":13,"f:53:2:53:11":6,"s:55:22:55:Infinity":14,"s:56:4:57:Infinity":15,"f:57:36:57:42":7,"s:57:42:57:58":16,"f:61:2:61:13":8,"s:63:4:63:Infinity":17,"f:67:2:67:20":9,"s:69:4:71:Infinity":18,"f:70:11:70:17":10,"s:70:17:70:71":19,"f:70:38:70:43":11,"s:70:43:70:70":20,"f:71:14:71:15":12,"s:71:44:71:64":21,"s:11:13:11:Infinity":22,"b:11:13:11:30:11:13:11:30":1,"s:11:13:10:Infinity":23,"b:11:13:11:30:11:13:11:30:11:13:10:Infinity":2},"fnNames":{}}}
,"/Users/dhineshkumar/Documents/Angular_HandsOn/student-course-portal/src/app/services/loading.service.ts": {"path":"/Users/dhineshkumar/Documents/Angular_HandsOn/student-course-portal/src/app/services/loading.service.ts","statementMap":{"0":{"start":{"line":7,"column":6},"end":{"line":5,"column":null}},"1":{"start":{"line":9,"column":15},"end":{"line":9,"column":null}},"2":{"start":{"line":7,"column":13},"end":{"line":5,"column":null}},"3":{"start":{"line":7,"column":13},"end":{"line":7,"column":null}},"4":{"start":{"line":7,"column":13},"end":{"line":6,"column":null}}},"fnMap":{},"branchMap":{"0":{"loc":{"start":{"line":7,"column":13},"end":{"line":7,"column":27}},"type":"binary-expr","locations":[{"start":{"line":7,"column":13},"end":{"line":7,"column":27}},{"start":{"line":7,"column":13},"end":{"line":7,"column":27}}],"line":7},"1":{"loc":{"start":{"line":7,"column":13},"end":{"line":6,"column":null}},"type":"binary-expr","locations":[{"start":{"line":7,"column":13},"end":{"line":7,"column":27}},{"start":{"line":7,"column":13},"end":{"line":7,"column":27}},{"start":{"line":7,"column":13},"end":{"line":6,"column":null}}],"line":7}},"s":{"0":1,"1":2,"2":1,"3":2,"4":1},"f":{},"b":{"0":[2,2],"1":[1,1,1]},"meta":{"lastBranch":2,"lastFunction":0,"lastStatement":5,"seen":{"s:7:6:5:Infinity":0,"s:9:15:9:Infinity":1,"s:7:13:5:Infinity":2,"s:7:13:7:Infinity":3,"b:7:13:7:27:7:13:7:27":0,"s:7:13:6:Infinity":4,"b:7:13:7:27:7:13:7:27:7:13:6:Infinity":1},"fnNames":{}}}
,"/Users/dhineshkumar/Documents/Angular_HandsOn/student-course-portal/src/app/services/notification.service.ts": {"path":"/Users/dhineshkumar/Documents/Angular_HandsOn/student-course-portal/src/app/services/notification.service.ts","statementMap":{"0":{"start":{"line":4,"column":6},"end":{"line":4,"column":null}},"1":{"start":{"line":6,"column":12},"end":{"line":6,"column":null}},"2":{"start":{"line":4,"column":13},"end":{"line":4,"column":null}},"3":{"start":{"line":4,"column":13},"end":{"line":3,"column":null}}},"fnMap":{},"branchMap":{"0":{"loc":{"start":{"line":4,"column":13},"end":{"line":4,"column":32}},"type":"binary-expr","locations":[{"start":{"line":4,"column":13},"end":{"line":4,"column":32}},{"start":{"line":4,"column":13},"end":{"line":4,"column":32}}],"line":4},"1":{"loc":{"start":{"line":4,"column":13},"end":{"line":3,"column":null}},"type":"binary-expr","locations":[{"start":{"line":4,"column":13},"end":{"line":4,"column":32}},{"start":{"line":4,"column":13},"end":{"line":4,"column":32}},{"start":{"line":4,"column":13},"end":{"line":3,"column":null}}],"line":4}},"s":{"0":2,"1":3,"2":3,"3":2},"f":{},"b":{"0":[3,3],"1":[2,2,2]},"meta":{"lastBranch":2,"lastFunction":0,"lastStatement":4,"seen":{"s:4:6:4:Infinity":0,"s:6:12:6:Infinity":1,"s:4:13:4:Infinity":2,"b:4:13:4:32:4:13:4:32":0,"s:4:13:3:Infinity":3,"b:4:13:4:32:4:13:4:32:4:13:3:Infinity":1},"fnNames":{}}}
,"/Users/dhineshkumar/Documents/Angular_HandsOn/student-course-portal/src/app/store/course/course.actions.ts": {"path":"/Users/dhineshkumar/Documents/Angular_HandsOn/student-course-portal/src/app/store/course/course.actions.ts","statementMap":{"0":{"start":{"line":5,"column":13},"end":{"line":6,"column":null}},"1":{"start":{"line":9,"column":13},"end":{"line":13,"column":null}},"2":{"start":{"line":16,"column":13},"end":{"line":20,"column":null}}},"fnMap":{},"branchMap":{},"s":{"0":2,"1":2,"2":2},"f":{},"b":{},"meta":{"lastBranch":0,"lastFunction":0,"lastStatement":3,"seen":{"s:5:13:6:Infinity":0,"s:9:13:13:Infinity":1,"s:16:13:20:Infinity":2},"fnNames":{}}}
,"/Users/dhineshkumar/Documents/Angular_HandsOn/student-course-portal/src/app/store/course/course.selectors.ts": {"path":"/Users/dhineshkumar/Documents/Angular_HandsOn/student-course-portal/src/app/store/course/course.selectors.ts","statementMap":{"0":{"start":{"line":5,"column":13},"end":{"line":5,"column":null}},"1":{"start":{"line":7,"column":13},"end":{"line":9,"column":null}},"2":{"start":{"line":9,"column":11},"end":{"line":9,"column":24}},"3":{"start":{"line":12,"column":13},"end":{"line":14,"column":null}},"4":{"start":{"line":14,"column":11},"end":{"line":14,"column":24}},"5":{"start":{"line":17,"column":13},"end":{"line":19,"column":null}},"6":{"start":{"line":19,"column":11},"end":{"line":19,"column":22}}},"fnMap":{"0":{"name":"(anonymous_0)","decl":{"start":{"line":9,"column":2},"end":{"line":9,"column":11}},"loc":{"start":{"line":9,"column":11},"end":{"line":9,"column":24}},"line":9},"1":{"name":"(anonymous_1)","decl":{"start":{"line":14,"column":2},"end":{"line":14,"column":11}},"loc":{"start":{"line":14,"column":11},"end":{"line":14,"column":24}},"line":14},"2":{"name":"(anonymous_2)","decl":{"start":{"line":19,"column":2},"end":{"line":19,"column":11}},"loc":{"start":{"line":19,"column":11},"end":{"line":19,"column":22}},"line":19}},"branchMap":{},"s":{"0":4,"1":4,"2":5,"3":4,"4":4,"5":4,"6":4},"f":{"0":5,"1":4,"2":4},"b":{},"meta":{"lastBranch":0,"lastFunction":3,"lastStatement":7,"seen":{"s:5:13:5:Infinity":0,"s:7:13:9:Infinity":1,"f:9:2:9:11":0,"s:9:11:9:24":2,"s:12:13:14:Infinity":3,"f:14:2:14:11":1,"s:14:11:14:24":4,"s:17:13:19:Infinity":5,"f:19:2:19:11":2,"s:19:11:19:22":6},"fnNames":{}}}
,"/Users/dhineshkumar/Documents/Angular_HandsOn/student-course-portal/src/app/store/enrollment/enrollment.actions.ts": {"path":"/Users/dhineshkumar/Documents/Angular_HandsOn/student-course-portal/src/app/store/enrollment/enrollment.actions.ts","statementMap":{"0":{"start":{"line":3,"column":13},"end":{"line":7,"column":null}},"1":{"start":{"line":10,"column":13},"end":{"line":14,"column":null}}},"fnMap":{},"branchMap":{},"s":{"0":3,"1":3},"f":{},"b":{},"meta":{"lastBranch":0,"lastFunction":0,"lastStatement":2,"seen":{"s:3:13:7:Infinity":0,"s:10:13:14:Infinity":1},"fnNames":{}}}
,"/Users/dhineshkumar/Documents/Angular_HandsOn/student-course-portal/src/app/store/enrollment/enrollment.selectors.ts": {"path":"/Users/dhineshkumar/Documents/Angular_HandsOn/student-course-portal/src/app/store/enrollment/enrollment.selectors.ts","statementMap":{"0":{"start":{"line":6,"column":13},"end":{"line":6,"column":null}},"1":{"start":{"line":8,"column":13},"end":{"line":10,"column":null}},"2":{"start":{"line":10,"column":11},"end":{"line":10,"column":34}},"3":{"start":{"line":13,"column":13},"end":{"line":19,"column":null}},"4":{"start":{"line":17,"column":4},"end":{"line":18,"column":null}},"5":{"start":{"line":18,"column":6},"end":{"line":18,"column":29}}},"fnMap":{"0":{"name":"(anonymous_0)","decl":{"start":{"line":10,"column":2},"end":{"line":10,"column":11}},"loc":{"start":{"line":10,"column":11},"end":{"line":10,"column":34}},"line":10},"1":{"name":"(anonymous_1)","decl":{"start":{"line":16,"column":2},"end":{"line":16,"column":3}},"loc":{"start":{"line":17,"column":4},"end":{"line":18,"column":null}},"line":17},"2":{"name":"(anonymous_2)","decl":{"start":{"line":17,"column":19},"end":{"line":17,"column":null}},"loc":{"start":{"line":18,"column":6},"end":{"line":18,"column":29}},"line":18}},"branchMap":{},"s":{"0":4,"1":4,"2":1,"3":4,"4":1,"5":0},"f":{"0":1,"1":1,"2":0},"b":{},"meta":{"lastBranch":0,"lastFunction":3,"lastStatement":6,"seen":{"s:6:13:6:Infinity":0,"s:8:13:10:Infinity":1,"f:10:2:10:11":0,"s:10:11:10:34":2,"s:13:13:19:Infinity":3,"f:16:2:16:3":1,"s:17:4:18:Infinity":4,"f:17:19:17:Infinity":2,"s:18:6:18:29":5},"fnNames":{}}}
}
